[0.090s] Invoking command in '/home/azaria007/Documents/GitHub/VRX_NUMarine/build/imu_heading_pkg': CMAKE_PREFIX_PATH=${CMAKE_PREFIX_PATH}:/opt/ros/humble /usr/bin/cmake --build /home/azaria007/Documents/GitHub/VRX_NUMarine/build/imu_heading_pkg -- -j8 -l8
[0.848s] [100%] Built target imu_heading_node
[0.871s] Invoked command in '/home/azaria007/Documents/GitHub/VRX_NUMarine/build/imu_heading_pkg' returned '0': CMAKE_PREFIX_PATH=${CMAKE_PREFIX_PATH}:/opt/ros/humble /usr/bin/cmake --build /home/azaria007/Documents/GitHub/VRX_NUMarine/build/imu_heading_pkg -- -j8 -l8
[1.021s] Invoking command in '/home/azaria007/Documents/GitHub/VRX_NUMarine/build/imu_heading_pkg': CMAKE_PREFIX_PATH=${CMAKE_PREFIX_PATH}:/opt/ros/humble /usr/bin/cmake --install /home/azaria007/Documents/GitHub/VRX_NUMarine/build/imu_heading_pkg
[1.044s] -- Install configuration: ""
[1.046s] -- Up-to-date: /home/azaria007/Documents/GitHub/VRX_NUMarine/install/lib/imu_heading_pkg/imu_heading_node
[1.048s] -- Up-to-date: /home/azaria007/Documents/GitHub/VRX_NUMarine/install/share/ament_index/resource_index/package_run_dependencies/imu_heading_pkg
[1.058s] -- Up-to-date: /home/azaria007/Documents/GitHub/VRX_NUMarine/install/share/ament_index/resource_index/parent_prefix_path/imu_heading_pkg
[1.058s] -- Up-to-date: /home/azaria007/Documents/GitHub/VRX_NUMarine/install/share/imu_heading_pkg/environment/ament_prefix_path.sh
[1.060s] -- Up-to-date: /home/azaria007/Documents/GitHub/VRX_NUMarine/install/share/imu_heading_pkg/environment/ament_prefix_path.dsv
[1.060s] -- Up-to-date: /home/azaria007/Documents/GitHub/VRX_NUMarine/install/share/imu_heading_pkg/environment/path.sh
[1.060s] -- Up-to-date: /home/azaria007/Documents/GitHub/VRX_NUMarine/install/share/imu_heading_pkg/environment/path.dsv
[1.060s] -- Up-to-date: /home/azaria007/Documents/GitHub/VRX_NUMarine/install/share/imu_heading_pkg/local_setup.bash
[1.060s] -- Up-to-date: /home/azaria007/Documents/GitHub/VRX_NUMarine/install/share/imu_heading_pkg/local_setup.sh
[1.060s] -- Up-to-date: /home/azaria007/Documents/GitHub/VRX_NUMarine/install/share/imu_heading_pkg/local_setup.zsh
[1.061s] -- Up-to-date: /home/azaria007/Documents/GitHub/VRX_NUMarine/install/share/imu_heading_pkg/local_setup.dsv
[1.061s] -- Installing: /home/azaria007/Documents/GitHub/VRX_NUMarine/install/share/imu_heading_pkg/package.dsv
[1.065s] -- Up-to-date: /home/azaria007/Documents/GitHub/VRX_NUMarine/install/share/ament_index/resource_index/packages/imu_heading_pkg
[1.065s] -- Up-to-date: /home/azaria007/Documents/GitHub/VRX_NUMarine/install/share/imu_heading_pkg/cmake/imu_heading_pkgConfig.cmake
[1.066s] -- Up-to-date: /home/azaria007/Documents/GitHub/VRX_NUMarine/install/share/imu_heading_pkg/cmake/imu_heading_pkgConfig-version.cmake
[1.066s] -- Up-to-date: /home/azaria007/Documents/GitHub/VRX_NUMarine/install/share/imu_heading_pkg/package.xml
[1.073s] Invoked command in '/home/azaria007/Documents/GitHub/VRX_NUMarine/build/imu_heading_pkg' returned '0': CMAKE_PREFIX_PATH=${CMAKE_PREFIX_PATH}:/opt/ros/humble /usr/bin/cmake --install /home/azaria007/Documents/GitHub/VRX_NUMarine/build/imu_heading_pkg
