[3.071s] Invoking command in '/home/azaria007/Documents/GitHub/VRX_NUMarine/src/vrx/ros_packages/mpc_controller_pkg': PYTHONPATH=/home/azaria007/Documents/GitHub/VRX_NUMarine/build/mpc_controller_pkg/prefix_override:/home/azaria007/Documents/GitHub/VRX_NUMarine/install/lib/python3.10/site-packages:${PYTHONPATH} /usr/bin/python3 -W ignore:setup.py install is deprecated setup.py egg_info --egg-base ../../../../build/mpc_controller_pkg build --build-base /home/azaria007/Documents/GitHub/VRX_NUMarine/build/mpc_controller_pkg/build install --record /home/azaria007/Documents/GitHub/VRX_NUMarine/build/mpc_controller_pkg/install.log --single-version-externally-managed install_data
[3.967s] running egg_info
[3.971s] writing ../../../../build/mpc_controller_pkg/mpc_controller_pkg.egg-info/PKG-INFO
[3.974s] writing dependency_links to ../../../../build/mpc_controller_pkg/mpc_controller_pkg.egg-info/dependency_links.txt
[3.974s] writing entry points to ../../../../build/mpc_controller_pkg/mpc_controller_pkg.egg-info/entry_points.txt
[3.977s] writing requirements to ../../../../build/mpc_controller_pkg/mpc_controller_pkg.egg-info/requires.txt
[3.978s] writing top-level names to ../../../../build/mpc_controller_pkg/mpc_controller_pkg.egg-info/top_level.txt
[3.980s] reading manifest file '../../../../build/mpc_controller_pkg/mpc_controller_pkg.egg-info/SOURCES.txt'
[3.983s] writing manifest file '../../../../build/mpc_controller_pkg/mpc_controller_pkg.egg-info/SOURCES.txt'
[3.984s] running build
[3.984s] running build_py
[3.984s] copying mpc_controller_pkg/mpc_node.py -> /home/azaria007/Documents/GitHub/VRX_NUMarine/build/mpc_controller_pkg/build/lib/mpc_controller_pkg
[3.984s] running install
[3.985s] running install_lib
[3.988s] copying /home/azaria007/Documents/GitHub/VRX_NUMarine/build/mpc_controller_pkg/build/lib/mpc_controller_pkg/mpc_node.py -> /home/azaria007/Documents/GitHub/VRX_NUMarine/install/lib/python3.10/site-packages/mpc_controller_pkg
[3.991s] byte-compiling /home/azaria007/Documents/GitHub/VRX_NUMarine/install/lib/python3.10/site-packages/mpc_controller_pkg/mpc_node.py to mpc_node.cpython-310.pyc
[4.005s] running install_data
[4.007s] running install_egg_info
[4.014s] removing '/home/azaria007/Documents/GitHub/VRX_NUMarine/install/lib/python3.10/site-packages/mpc_controller_pkg-0.0.0-py3.10.egg-info' (and everything under it)
[4.014s] Copying ../../../../build/mpc_controller_pkg/mpc_controller_pkg.egg-info to /home/azaria007/Documents/GitHub/VRX_NUMarine/install/lib/python3.10/site-packages/mpc_controller_pkg-0.0.0-py3.10.egg-info
[4.023s] running install_scripts
[4.084s] Installing mpc_node script to /home/azaria007/Documents/GitHub/VRX_NUMarine/install/lib/mpc_controller_pkg
[4.085s] writing list of installed files to '/home/azaria007/Documents/GitHub/VRX_NUMarine/build/mpc_controller_pkg/install.log'
[4.244s] Invoked command in '/home/azaria007/Documents/GitHub/VRX_NUMarine/src/vrx/ros_packages/mpc_controller_pkg' returned '0': PYTHONPATH=/home/azaria007/Documents/GitHub/VRX_NUMarine/build/mpc_controller_pkg/prefix_override:/home/azaria007/Documents/GitHub/VRX_NUMarine/install/lib/python3.10/site-packages:${PYTHONPATH} /usr/bin/python3 -W ignore:setup.py install is deprecated setup.py egg_info --egg-base ../../../../build/mpc_controller_pkg build --build-base /home/azaria007/Documents/GitHub/VRX_NUMarine/build/mpc_controller_pkg/build install --record /home/azaria007/Documents/GitHub/VRX_NUMarine/build/mpc_controller_pkg/install.log --single-version-externally-managed install_data
