[0.583s] Invoking command in '/home/azaria007/Documents/GitHub/VRX_NUMarine/build/vrx_ros': CMAKE_PREFIX_PATH=${CMAKE_PREFIX_PATH}:/opt/ros/humble /usr/bin/cmake --build /home/azaria007/Documents/GitHub/VRX_NUMarine/build/vrx_ros -- -j8 -l8
[2.401s] [ 50%] Built target optical_frame_publisher
[3.229s] [100%] Built target pose_tf_broadcaster
[5.823s] Invoked command in '/home/azaria007/Documents/GitHub/VRX_NUMarine/build/vrx_ros' returned '0': CMAKE_PREFIX_PATH=${CMAKE_PREFIX_PATH}:/opt/ros/humble /usr/bin/cmake --build /home/azaria007/Documents/GitHub/VRX_NUMarine/build/vrx_ros -- -j8 -l8
[7.265s] Invoking command in '/home/azaria007/Documents/GitHub/VRX_NUMarine/build/vrx_ros': CMAKE_PREFIX_PATH=${CMAKE_PREFIX_PATH}:/opt/ros/humble /usr/bin/cmake --install /home/azaria007/Documents/GitHub/VRX_NUMarine/build/vrx_ros
[7.401s] -- Install configuration: ""
[7.473s] -- Up-to-date: /home/azaria007/Documents/GitHub/VRX_NUMarine/install/lib/vrx_ros/optical_frame_publisher
[7.484s] -- Up-to-date: /home/azaria007/Documents/GitHub/VRX_NUMarine/install/lib/vrx_ros/pose_tf_broadcaster
[7.487s] -- Up-to-date: /home/azaria007/Documents/GitHub/VRX_NUMarine/install/share/vrx_ros/launch
[7.491s] -- Up-to-date: /home/azaria007/Documents/GitHub/VRX_NUMarine/install/share/vrx_ros/launch/monitor_sim.py
[7.492s] -- Up-to-date: /home/azaria007/Documents/GitHub/VRX_NUMarine/install/share/ament_index/resource_index/package_run_dependencies/vrx_ros
[7.492s] -- Up-to-date: /home/azaria007/Documents/GitHub/VRX_NUMarine/install/share/ament_index/resource_index/parent_prefix_path/vrx_ros
[7.492s] -- Up-to-date: /home/azaria007/Documents/GitHub/VRX_NUMarine/install/share/vrx_ros/environment/ament_prefix_path.sh
[7.492s] -- Up-to-date: /home/azaria007/Documents/GitHub/VRX_NUMarine/install/share/vrx_ros/environment/ament_prefix_path.dsv
[7.493s] -- Up-to-date: /home/azaria007/Documents/GitHub/VRX_NUMarine/install/share/vrx_ros/environment/path.sh
[7.493s] -- Up-to-date: /home/azaria007/Documents/GitHub/VRX_NUMarine/install/share/vrx_ros/environment/path.dsv
[7.493s] -- Up-to-date: /home/azaria007/Documents/GitHub/VRX_NUMarine/install/share/vrx_ros/local_setup.bash
[7.493s] -- Up-to-date: /home/azaria007/Documents/GitHub/VRX_NUMarine/install/share/vrx_ros/local_setup.sh
[7.493s] -- Up-to-date: /home/azaria007/Documents/GitHub/VRX_NUMarine/install/share/vrx_ros/local_setup.zsh
[7.493s] -- Up-to-date: /home/azaria007/Documents/GitHub/VRX_NUMarine/install/share/vrx_ros/local_setup.dsv
[7.493s] -- Installing: /home/azaria007/Documents/GitHub/VRX_NUMarine/install/share/vrx_ros/package.dsv
[7.497s] -- Up-to-date: /home/azaria007/Documents/GitHub/VRX_NUMarine/install/share/ament_index/resource_index/packages/vrx_ros
[7.497s] -- Up-to-date: /home/azaria007/Documents/GitHub/VRX_NUMarine/install/share/vrx_ros/cmake/vrx_rosConfig.cmake
[7.497s] -- Up-to-date: /home/azaria007/Documents/GitHub/VRX_NUMarine/install/share/vrx_ros/cmake/vrx_rosConfig-version.cmake
[7.497s] -- Up-to-date: /home/azaria007/Documents/GitHub/VRX_NUMarine/install/share/vrx_ros/package.xml
[7.937s] Invoked command in '/home/azaria007/Documents/GitHub/VRX_NUMarine/build/vrx_ros' returned '0': CMAKE_PREFIX_PATH=${CMAKE_PREFIX_PATH}:/opt/ros/humble /usr/bin/cmake --install /home/azaria007/Documents/GitHub/VRX_NUMarine/build/vrx_ros
