[0.113s] Invoking command in '/home/azaria007/Documents/GitHub/VRX_NUMarine/build/imu_heading_pkg': CMAKE_PREFIX_PATH=${CMAKE_PREFIX_PATH}:/opt/ros/humble /usr/bin/cmake --build /home/azaria007/Documents/GitHub/VRX_NUMarine/build/imu_heading_pkg -- -j8 -l8
[1.031s] [100%] Built target imu_heading_node
[1.091s] Invoked command in '/home/azaria007/Documents/GitHub/VRX_NUMarine/build/imu_heading_pkg' returned '0': CMAKE_PREFIX_PATH=${CMAKE_PREFIX_PATH}:/opt/ros/humble /usr/bin/cmake --build /home/azaria007/Documents/GitHub/VRX_NUMarine/build/imu_heading_pkg -- -j8 -l8
[1.267s] Invoking command in '/home/azaria007/Documents/GitHub/VRX_NUMarine/build/imu_heading_pkg': CMAKE_PREFIX_PATH=${CMAKE_PREFIX_PATH}:/opt/ros/humble /usr/bin/cmake --install /home/azaria007/Documents/GitHub/VRX_NUMarine/build/imu_heading_pkg
[1.376s] -- Install configuration: ""
[1.376s] -- Up-to-date: /home/azaria007/Documents/GitHub/VRX_NUMarine/install/lib/imu_heading_pkg/imu_heading_node
[1.377s] -- Up-to-date: /home/azaria007/Documents/GitHub/VRX_NUMarine/install/share/ament_index/resource_index/package_run_dependencies/imu_heading_pkg
[1.377s] -- Up-to-date: /home/azaria007/Documents/GitHub/VRX_NUMarine/install/share/ament_index/resource_index/parent_prefix_path/imu_heading_pkg
[1.377s] -- Up-to-date: /home/azaria007/Documents/GitHub/VRX_NUMarine/install/share/imu_heading_pkg/environment/ament_prefix_path.sh
[1.377s] -- Up-to-date: /home/azaria007/Documents/GitHub/VRX_NUMarine/install/share/imu_heading_pkg/environment/ament_prefix_path.dsv
[1.377s] -- Up-to-date: /home/azaria007/Documents/GitHub/VRX_NUMarine/install/share/imu_heading_pkg/environment/path.sh
[1.377s] -- Up-to-date: /home/azaria007/Documents/GitHub/VRX_NUMarine/install/share/imu_heading_pkg/environment/path.dsv
[1.377s] -- Up-to-date: /home/azaria007/Documents/GitHub/VRX_NUMarine/install/share/imu_heading_pkg/local_setup.bash
[1.377s] -- Up-to-date: /home/azaria007/Documents/GitHub/VRX_NUMarine/install/share/imu_heading_pkg/local_setup.sh
[1.378s] -- Up-to-date: /home/azaria007/Documents/GitHub/VRX_NUMarine/install/share/imu_heading_pkg/local_setup.zsh
[1.378s] -- Up-to-date: /home/azaria007/Documents/GitHub/VRX_NUMarine/install/share/imu_heading_pkg/local_setup.dsv
[1.378s] -- Installing: /home/azaria007/Documents/GitHub/VRX_NUMarine/install/share/imu_heading_pkg/package.dsv
[1.378s] -- Up-to-date: /home/azaria007/Documents/GitHub/VRX_NUMarine/install/share/ament_index/resource_index/packages/imu_heading_pkg
[1.378s] -- Up-to-date: /home/azaria007/Documents/GitHub/VRX_NUMarine/install/share/imu_heading_pkg/cmake/imu_heading_pkgConfig.cmake
[1.378s] -- Up-to-date: /home/azaria007/Documents/GitHub/VRX_NUMarine/install/share/imu_heading_pkg/cmake/imu_heading_pkgConfig-version.cmake
[1.378s] -- Up-to-date: /home/azaria007/Documents/GitHub/VRX_NUMarine/install/share/imu_heading_pkg/package.xml
[1.379s] Invoked command in '/home/azaria007/Documents/GitHub/VRX_NUMarine/build/imu_heading_pkg' returned '0': CMAKE_PREFIX_PATH=${CMAKE_PREFIX_PATH}:/opt/ros/humble /usr/bin/cmake --install /home/azaria007/Documents/GitHub/VRX_NUMarine/build/imu_heading_pkg
