[0.409s] Invoking command in '/home/azaria007/Documents/GitHub/VRX_NUMarine/build/teleop_cpp_ros2': CMAKE_PREFIX_PATH=${CMAKE_PREFIX_PATH}:/opt/ros/humble /usr/bin/cmake --build /home/azaria007/Documents/GitHub/VRX_NUMarine/build/teleop_cpp_ros2 -- -j8 -l8
[0.506s] [100%] Built target usv_teleop
[0.533s] Invoked command in '/home/azaria007/Documents/GitHub/VRX_NUMarine/build/teleop_cpp_ros2' returned '0': CMAKE_PREFIX_PATH=${CMAKE_PREFIX_PATH}:/opt/ros/humble /usr/bin/cmake --build /home/azaria007/Documents/GitHub/VRX_NUMarine/build/teleop_cpp_ros2 -- -j8 -l8
[0.595s] Invoking command in '/home/azaria007/Documents/GitHub/VRX_NUMarine/build/teleop_cpp_ros2': CMAKE_PREFIX_PATH=${CMAKE_PREFIX_PATH}:/opt/ros/humble /usr/bin/cmake --install /home/azaria007/Documents/GitHub/VRX_NUMarine/build/teleop_cpp_ros2
[0.619s] -- Install configuration: ""
[0.621s] -- Up-to-date: /home/azaria007/Documents/GitHub/VRX_NUMarine/install/lib/teleop_cpp_ros2/usv_teleop
[0.624s] -- Up-to-date: /home/azaria007/Documents/GitHub/VRX_NUMarine/install/share/ament_index/resource_index/package_run_dependencies/teleop_cpp_ros2
[0.625s] -- Up-to-date: /home/azaria007/Documents/GitHub/VRX_NUMarine/install/share/ament_index/resource_index/parent_prefix_path/teleop_cpp_ros2
[0.625s] -- Up-to-date: /home/azaria007/Documents/GitHub/VRX_NUMarine/install/share/teleop_cpp_ros2/environment/ament_prefix_path.sh
[0.626s] -- Up-to-date: /home/azaria007/Documents/GitHub/VRX_NUMarine/install/share/teleop_cpp_ros2/environment/ament_prefix_path.dsv
[0.627s] -- Up-to-date: /home/azaria007/Documents/GitHub/VRX_NUMarine/install/share/teleop_cpp_ros2/environment/path.sh
[0.627s] -- Up-to-date: /home/azaria007/Documents/GitHub/VRX_NUMarine/install/share/teleop_cpp_ros2/environment/path.dsv
[0.629s] -- Up-to-date: /home/azaria007/Documents/GitHub/VRX_NUMarine/install/share/teleop_cpp_ros2/local_setup.bash
[0.630s] -- Up-to-date: /home/azaria007/Documents/GitHub/VRX_NUMarine/install/share/teleop_cpp_ros2/local_setup.sh
[0.632s] -- Up-to-date: /home/azaria007/Documents/GitHub/VRX_NUMarine/install/share/teleop_cpp_ros2/local_setup.zsh
[0.632s] -- Up-to-date: /home/azaria007/Documents/GitHub/VRX_NUMarine/install/share/teleop_cpp_ros2/local_setup.dsv
[0.633s] -- Installing: /home/azaria007/Documents/GitHub/VRX_NUMarine/install/share/teleop_cpp_ros2/package.dsv
[0.633s] -- Up-to-date: /home/azaria007/Documents/GitHub/VRX_NUMarine/install/share/ament_index/resource_index/packages/teleop_cpp_ros2
[0.633s] -- Up-to-date: /home/azaria007/Documents/GitHub/VRX_NUMarine/install/share/teleop_cpp_ros2/cmake/teleop_cpp_ros2Config.cmake
[0.634s] -- Up-to-date: /home/azaria007/Documents/GitHub/VRX_NUMarine/install/share/teleop_cpp_ros2/cmake/teleop_cpp_ros2Config-version.cmake
[0.634s] -- Up-to-date: /home/azaria007/Documents/GitHub/VRX_NUMarine/install/share/teleop_cpp_ros2/package.xml
[0.636s] Invoked command in '/home/azaria007/Documents/GitHub/VRX_NUMarine/build/teleop_cpp_ros2' returned '0': CMAKE_PREFIX_PATH=${CMAKE_PREFIX_PATH}:/opt/ros/humble /usr/bin/cmake --install /home/azaria007/Documents/GitHub/VRX_NUMarine/build/teleop_cpp_ros2
