[0.826s] Invoking command in '/home/azaria007/Documents/GitHub/VRX_NUMarine/build/teleop_cpp_ros2': CMAKE_PREFIX_PATH=${CMAKE_PREFIX_PATH}:/opt/ros/humble /usr/bin/cmake --build /home/azaria007/Documents/GitHub/VRX_NUMarine/build/teleop_cpp_ros2 -- -j8 -l8
[1.049s] [100%] Built target usv_teleop
[1.115s] Invoked command in '/home/azaria007/Documents/GitHub/VRX_NUMarine/build/teleop_cpp_ros2' returned '0': CMAKE_PREFIX_PATH=${CMAKE_PREFIX_PATH}:/opt/ros/humble /usr/bin/cmake --build /home/azaria007/Documents/GitHub/VRX_NUMarine/build/teleop_cpp_ros2 -- -j8 -l8
[1.279s] Invoking command in '/home/azaria007/Documents/GitHub/VRX_NUMarine/build/teleop_cpp_ros2': CMAKE_PREFIX_PATH=${CMAKE_PREFIX_PATH}:/opt/ros/humble /usr/bin/cmake --install /home/azaria007/Documents/GitHub/VRX_NUMarine/build/teleop_cpp_ros2
[1.316s] -- Install configuration: ""
[1.317s] -- Up-to-date: /home/azaria007/Documents/GitHub/VRX_NUMarine/install/lib/teleop_cpp_ros2/usv_teleop
[1.317s] -- Up-to-date: /home/azaria007/Documents/GitHub/VRX_NUMarine/install/share/ament_index/resource_index/package_run_dependencies/teleop_cpp_ros2
[1.318s] -- Up-to-date: /home/azaria007/Documents/GitHub/VRX_NUMarine/install/share/ament_index/resource_index/parent_prefix_path/teleop_cpp_ros2
[1.318s] -- Up-to-date: /home/azaria007/Documents/GitHub/VRX_NUMarine/install/share/teleop_cpp_ros2/environment/ament_prefix_path.sh
[1.318s] -- Up-to-date: /home/azaria007/Documents/GitHub/VRX_NUMarine/install/share/teleop_cpp_ros2/environment/ament_prefix_path.dsv
[1.318s] -- Up-to-date: /home/azaria007/Documents/GitHub/VRX_NUMarine/install/share/teleop_cpp_ros2/environment/path.sh
[1.318s] -- Up-to-date: /home/azaria007/Documents/GitHub/VRX_NUMarine/install/share/teleop_cpp_ros2/environment/path.dsv
[1.318s] -- Up-to-date: /home/azaria007/Documents/GitHub/VRX_NUMarine/install/share/teleop_cpp_ros2/local_setup.bash
[1.319s] -- Up-to-date: /home/azaria007/Documents/GitHub/VRX_NUMarine/install/share/teleop_cpp_ros2/local_setup.sh
[1.320s] -- Up-to-date: /home/azaria007/Documents/GitHub/VRX_NUMarine/install/share/teleop_cpp_ros2/local_setup.zsh
[1.320s] -- Up-to-date: /home/azaria007/Documents/GitHub/VRX_NUMarine/install/share/teleop_cpp_ros2/local_setup.dsv
[1.321s] -- Installing: /home/azaria007/Documents/GitHub/VRX_NUMarine/install/share/teleop_cpp_ros2/package.dsv
[1.331s] -- Up-to-date: /home/azaria007/Documents/GitHub/VRX_NUMarine/install/share/ament_index/resource_index/packages/teleop_cpp_ros2
[1.331s] -- Up-to-date: /home/azaria007/Documents/GitHub/VRX_NUMarine/install/share/teleop_cpp_ros2/cmake/teleop_cpp_ros2Config.cmake
[1.331s] -- Up-to-date: /home/azaria007/Documents/GitHub/VRX_NUMarine/install/share/teleop_cpp_ros2/cmake/teleop_cpp_ros2Config-version.cmake
[1.331s] -- Up-to-date: /home/azaria007/Documents/GitHub/VRX_NUMarine/install/share/teleop_cpp_ros2/package.xml
[1.370s] Invoked command in '/home/azaria007/Documents/GitHub/VRX_NUMarine/build/teleop_cpp_ros2' returned '0': CMAKE_PREFIX_PATH=${CMAKE_PREFIX_PATH}:/opt/ros/humble /usr/bin/cmake --install /home/azaria007/Documents/GitHub/VRX_NUMarine/build/teleop_cpp_ros2
