[0.142s] Invoking command in '/home/azaria007/Documents/GitHub/VRX_NUMarine/build/wamv_gazebo': CMAKE_PREFIX_PATH=${CMAKE_PREFIX_PATH}:/opt/ros/humble GZ_SIM_RESOURCE_PATH=/home/azaria007/Documents/GitHub/VRX_NUMarine/install/share:${GZ_SIM_RESOURCE_PATH} PYTHONPATH=/home/azaria007/Documents/GitHub/VRX_NUMarine/install/lib/python3.10/site-packages:/home/azaria007/Documents/GitHub/VRX_NUMarine/install/local/lib/python3.10/dist-packages:/opt/ros/humble/lib/python3.10/site-packages:/opt/ros/humble/local/lib/python3.10/dist-packages /usr/bin/cmake --build /home/azaria007/Documents/GitHub/VRX_NUMarine/build/wamv_gazebo -- -j8 -l8
[0.561s] Invoked command in '/home/azaria007/Documents/GitHub/VRX_NUMarine/build/wamv_gazebo' returned '0': CMAKE_PREFIX_PATH=${CMAKE_PREFIX_PATH}:/opt/ros/humble GZ_SIM_RESOURCE_PATH=/home/azaria007/Documents/GitHub/VRX_NUMarine/install/share:${GZ_SIM_RESOURCE_PATH} PYTHONPATH=/home/azaria007/Documents/GitHub/VRX_NUMarine/install/lib/python3.10/site-packages:/home/azaria007/Documents/GitHub/VRX_NUMarine/install/local/lib/python3.10/dist-packages:/opt/ros/humble/lib/python3.10/site-packages:/opt/ros/humble/local/lib/python3.10/dist-packages /usr/bin/cmake --build /home/azaria007/Documents/GitHub/VRX_NUMarine/build/wamv_gazebo -- -j8 -l8
[0.781s] Invoking command in '/home/azaria007/Documents/GitHub/VRX_NUMarine/build/wamv_gazebo': CMAKE_PREFIX_PATH=${CMAKE_PREFIX_PATH}:/opt/ros/humble GZ_SIM_RESOURCE_PATH=/home/azaria007/Documents/GitHub/VRX_NUMarine/install/share:${GZ_SIM_RESOURCE_PATH} PYTHONPATH=/home/azaria007/Documents/GitHub/VRX_NUMarine/install/lib/python3.10/site-packages:/home/azaria007/Documents/GitHub/VRX_NUMarine/install/local/lib/python3.10/dist-packages:/opt/ros/humble/lib/python3.10/site-packages:/opt/ros/humble/local/lib/python3.10/dist-packages /usr/bin/cmake --install /home/azaria007/Documents/GitHub/VRX_NUMarine/build/wamv_gazebo
[0.926s] -- Install configuration: ""
[0.932s] -- Up-to-date: /home/azaria007/Documents/GitHub/VRX_NUMarine/install/share/wamv_gazebo/models
[0.944s] -- Up-to-date: /home/azaria007/Documents/GitHub/VRX_NUMarine/install/share/wamv_gazebo/models/gps
[0.947s] -- Up-to-date: /home/azaria007/Documents/GitHub/VRX_NUMarine/install/share/wamv_gazebo/models/gps/mesh
[0.960s] -- Up-to-date: /home/azaria007/Documents/GitHub/VRX_NUMarine/install/share/wamv_gazebo/models/gps/mesh/gps.png
[0.963s] -- Up-to-date: /home/azaria007/Documents/GitHub/VRX_NUMarine/install/share/wamv_gazebo/models/gps/mesh/gps.dae
[0.965s] -- Up-to-date: /home/azaria007/Documents/GitHub/VRX_NUMarine/install/share/wamv_gazebo/models/gps/model.config
[0.967s] -- Up-to-date: /home/azaria007/Documents/GitHub/VRX_NUMarine/install/share/wamv_gazebo/urdf
[0.967s] -- Up-to-date: /home/azaria007/Documents/GitHub/VRX_NUMarine/install/share/wamv_gazebo/urdf/dynamics
[0.975s] -- Up-to-date: /home/azaria007/Documents/GitHub/VRX_NUMarine/install/share/wamv_gazebo/urdf/dynamics/wamv_gazebo_dynamics_plugin.xacro
[0.976s] -- Up-to-date: /home/azaria007/Documents/GitHub/VRX_NUMarine/install/share/wamv_gazebo/urdf/macros.xacro
[0.977s] -- Up-to-date: /home/azaria007/Documents/GitHub/VRX_NUMarine/install/share/wamv_gazebo/urdf/wamv_gazebo.urdf.xacro
[0.977s] -- Up-to-date: /home/azaria007/Documents/GitHub/VRX_NUMarine/install/share/wamv_gazebo/urdf/wamv_gazebo.xacro
[0.978s] -- Up-to-date: /home/azaria007/Documents/GitHub/VRX_NUMarine/install/share/wamv_gazebo/urdf/thruster_layouts
[0.981s] -- Up-to-date: /home/azaria007/Documents/GitHub/VRX_NUMarine/install/share/wamv_gazebo/urdf/thruster_layouts/wamv_x_thrusters.xacro
[0.985s] -- Up-to-date: /home/azaria007/Documents/GitHub/VRX_NUMarine/install/share/wamv_gazebo/urdf/thruster_layouts/wamv_aft_thrusters.xacro
[0.989s] -- Up-to-date: /home/azaria007/Documents/GitHub/VRX_NUMarine/install/share/wamv_gazebo/urdf/thruster_layouts/wamv_t_thrusters.xacro
[0.990s] -- Up-to-date: /home/azaria007/Documents/GitHub/VRX_NUMarine/install/share/wamv_gazebo/urdf/thruster_layouts/wamv_gazebo_thruster_config.xacro
[0.995s] -- Up-to-date: /home/azaria007/Documents/GitHub/VRX_NUMarine/install/share/wamv_gazebo/urdf/components
[0.999s] -- Up-to-date: /home/azaria007/Documents/GitHub/VRX_NUMarine/install/share/wamv_gazebo/urdf/components/wamv_camera.xacro
[1.000s] -- Up-to-date: /home/azaria007/Documents/GitHub/VRX_NUMarine/install/share/wamv_gazebo/urdf/components/wamv_imu.xacro
[1.005s] -- Up-to-date: /home/azaria007/Documents/GitHub/VRX_NUMarine/install/share/wamv_gazebo/urdf/components/wamv_p3d.xacro
[1.014s] -- Up-to-date: /home/azaria007/Documents/GitHub/VRX_NUMarine/install/share/wamv_gazebo/urdf/components/wamv_gps.xacro
[1.022s] -- Up-to-date: /home/azaria007/Documents/GitHub/VRX_NUMarine/install/share/wamv_gazebo/urdf/components/ball_shooter.xacro
[1.026s] -- Up-to-date: /home/azaria007/Documents/GitHub/VRX_NUMarine/install/share/wamv_gazebo/urdf/components/wamv_pinger.xacro
[1.027s] -- Up-to-date: /home/azaria007/Documents/GitHub/VRX_NUMarine/install/share/wamv_gazebo/urdf/components/wamv_planar_lidar.xacro
[1.028s] -- Up-to-date: /home/azaria007/Documents/GitHub/VRX_NUMarine/install/share/wamv_gazebo/urdf/components/wamv_3d_lidar.xacro
[1.031s] -- Up-to-date: /home/azaria007/Documents/GitHub/VRX_NUMarine/install/share/wamv_gazebo/urdf/components/lidar.xacro
[1.034s] -- Up-to-date: /home/azaria007/Documents/GitHub/VRX_NUMarine/install/share/ament_index/resource_index/package_run_dependencies/wamv_gazebo
[1.035s] -- Up-to-date: /home/azaria007/Documents/GitHub/VRX_NUMarine/install/share/ament_index/resource_index/parent_prefix_path/wamv_gazebo
[1.039s] -- Up-to-date: /home/azaria007/Documents/GitHub/VRX_NUMarine/install/share/wamv_gazebo/environment/ament_prefix_path.sh
[1.044s] -- Up-to-date: /home/azaria007/Documents/GitHub/VRX_NUMarine/install/share/wamv_gazebo/environment/ament_prefix_path.dsv
[1.055s] -- Up-to-date: /home/azaria007/Documents/GitHub/VRX_NUMarine/install/share/wamv_gazebo/environment/path.sh
[1.064s] -- Up-to-date: /home/azaria007/Documents/GitHub/VRX_NUMarine/install/share/wamv_gazebo/environment/path.dsv
[1.065s] -- Up-to-date: /home/azaria007/Documents/GitHub/VRX_NUMarine/install/share/wamv_gazebo/local_setup.bash
[1.065s] -- Up-to-date: /home/azaria007/Documents/GitHub/VRX_NUMarine/install/share/wamv_gazebo/local_setup.sh
[1.065s] -- Up-to-date: /home/azaria007/Documents/GitHub/VRX_NUMarine/install/share/wamv_gazebo/local_setup.zsh
[1.065s] -- Up-to-date: /home/azaria007/Documents/GitHub/VRX_NUMarine/install/share/wamv_gazebo/local_setup.dsv
[1.067s] -- Installing: /home/azaria007/Documents/GitHub/VRX_NUMarine/install/share/wamv_gazebo/package.dsv
[1.074s] -- Up-to-date: /home/azaria007/Documents/GitHub/VRX_NUMarine/install/share/ament_index/resource_index/packages/wamv_gazebo
[1.074s] -- Up-to-date: /home/azaria007/Documents/GitHub/VRX_NUMarine/install/share/wamv_gazebo/cmake/wamv_gazeboConfig.cmake
[1.074s] -- Up-to-date: /home/azaria007/Documents/GitHub/VRX_NUMarine/install/share/wamv_gazebo/cmake/wamv_gazeboConfig-version.cmake
[1.074s] -- Up-to-date: /home/azaria007/Documents/GitHub/VRX_NUMarine/install/share/wamv_gazebo/package.xml
[1.129s] Invoked command in '/home/azaria007/Documents/GitHub/VRX_NUMarine/build/wamv_gazebo' returned '0': CMAKE_PREFIX_PATH=${CMAKE_PREFIX_PATH}:/opt/ros/humble GZ_SIM_RESOURCE_PATH=/home/azaria007/Documents/GitHub/VRX_NUMarine/install/share:${GZ_SIM_RESOURCE_PATH} PYTHONPATH=/home/azaria007/Documents/GitHub/VRX_NUMarine/install/lib/python3.10/site-packages:/home/azaria007/Documents/GitHub/VRX_NUMarine/install/local/lib/python3.10/dist-packages:/opt/ros/humble/lib/python3.10/site-packages:/opt/ros/humble/local/lib/python3.10/dist-packages /usr/bin/cmake --install /home/azaria007/Documents/GitHub/VRX_NUMarine/build/wamv_gazebo
