[0.037s] Invoking command in '/home/azaria007/Documents/GitHub/VRX_NUMarine/build/vrx_gz': CMAKE_PREFIX_PATH=${CMAKE_PREFIX_PATH}:/opt/ros/humble PYTHONPATH=/home/azaria007/Documents/GitHub/VRX_NUMarine/install/lib/python3.10/site-packages:/home/azaria007/Documents/GitHub/VRX_NUMarine/install/local/lib/python3.10/dist-packages:/opt/ros/humble/lib/python3.10/site-packages:/opt/ros/humble/local/lib/python3.10/dist-packages /usr/bin/cmake --build /home/azaria007/Documents/GitHub/VRX_NUMarine/build/vrx_gz -- -j8 -l8
[0.118s] [  4%] Built target Waves
[0.169s] [  4%] Built target ament_cmake_python_copy_vrx_gz
[0.213s] [ 12%] Built target PolyhedraBuoyancyDrag
[0.565s] running egg_info
[0.568s] writing vrx_gz.egg-info/PKG-INFO
[0.569s] writing dependency_links to vrx_gz.egg-info/dependency_links.txt
[0.569s] writing top-level names to vrx_gz.egg-info/top_level.txt
[0.571s] reading manifest file 'vrx_gz.egg-info/SOURCES.txt'
[0.572s] writing manifest file 'vrx_gz.egg-info/SOURCES.txt'
[0.609s] [ 12%] Built target ament_cmake_python_build_vrx_gz_egg
[0.643s] [ 16%] Built target ScoringPlugin
[0.679s] [ 22%] Built target StationkeepingScoringPlugin
[0.717s] [ 27%] Built target NavigationScoringPlugin
[0.750s] [ 31%] Built target GymkhanaScoringPlugin
[0.783s] [ 35%] Built target PerceptionScoringPlugin
[0.817s] [ 39%] Built target PlacardPlugin
[0.849s] [ 43%] Built target PublisherPlugin
[0.885s] [ 47%] Built target ScanDockScoringPlugin
[0.923s] [ 52%] Built target SimpleHydrodynamics
[0.963s] [ 56%] Built target Surface
[1.000s] [ 60%] Built target USVWind
[1.036s] [ 64%] Built target WaveVisual
[1.068s] [ 68%] Built target WildlifeScoringPlugin
[1.102s] [ 72%] Built target LightBuoyPlugin
[1.139s] [ 77%] Built target BallShooterPlugin
[1.173s] [ 81%] Built target AcousticPingerPlugin
[1.217s] [ 87%] Built target AcousticTrackingScoringPlugin
[1.257s] [ 93%] Built target AcousticPerceptionScoringPlugin
[1.295s] [100%] Built target WayfindingScoringPlugin
[1.312s] Invoked command in '/home/azaria007/Documents/GitHub/VRX_NUMarine/build/vrx_gz' returned '0': CMAKE_PREFIX_PATH=${CMAKE_PREFIX_PATH}:/opt/ros/humble PYTHONPATH=/home/azaria007/Documents/GitHub/VRX_NUMarine/install/lib/python3.10/site-packages:/home/azaria007/Documents/GitHub/VRX_NUMarine/install/local/lib/python3.10/dist-packages:/opt/ros/humble/lib/python3.10/site-packages:/opt/ros/humble/local/lib/python3.10/dist-packages /usr/bin/cmake --build /home/azaria007/Documents/GitHub/VRX_NUMarine/build/vrx_gz -- -j8 -l8
[1.446s] Invoking command in '/home/azaria007/Documents/GitHub/VRX_NUMarine/build/vrx_gz': CMAKE_PREFIX_PATH=${CMAKE_PREFIX_PATH}:/opt/ros/humble PYTHONPATH=/home/azaria007/Documents/GitHub/VRX_NUMarine/install/lib/python3.10/site-packages:/home/azaria007/Documents/GitHub/VRX_NUMarine/install/local/lib/python3.10/dist-packages:/opt/ros/humble/lib/python3.10/site-packages:/opt/ros/humble/local/lib/python3.10/dist-packages /usr/bin/cmake --install /home/azaria007/Documents/GitHub/VRX_NUMarine/build/vrx_gz
[1.454s] -- Install configuration: ""
[1.455s] -- Up-to-date: /home/azaria007/Documents/GitHub/VRX_NUMarine/install/share/vrx_gz/environment/resource_paths.dsv
[1.455s] -- Up-to-date: /home/azaria007/Documents/GitHub/VRX_NUMarine/install/share/vrx_gz/environment/resource_paths.sh
[1.455s] -- Up-to-date: /home/azaria007/Documents/GitHub/VRX_NUMarine/install/lib/libWaves.so
[1.455s] -- Up-to-date: /home/azaria007/Documents/GitHub/VRX_NUMarine/install/lib/libPolyhedraBuoyancyDrag.so
[1.456s] -- Up-to-date: /home/azaria007/Documents/GitHub/VRX_NUMarine/install/lib/libScoringPlugin.so
[1.456s] -- Up-to-date: /home/azaria007/Documents/GitHub/VRX_NUMarine/install/lib/libStationkeepingScoringPlugin.so
[1.457s] -- Up-to-date: /home/azaria007/Documents/GitHub/VRX_NUMarine/install/lib/libWayfindingScoringPlugin.so
[1.458s] -- Up-to-date: /home/azaria007/Documents/GitHub/VRX_NUMarine/install/lib/libAcousticPerceptionScoringPlugin.so
[1.458s] -- Up-to-date: /home/azaria007/Documents/GitHub/VRX_NUMarine/install/lib/libAcousticTrackingScoringPlugin.so
[1.459s] -- Up-to-date: /home/azaria007/Documents/GitHub/VRX_NUMarine/install/lib/libAcousticPingerPlugin.so
[1.460s] -- Up-to-date: /home/azaria007/Documents/GitHub/VRX_NUMarine/install/lib/libBallShooterPlugin.so
[1.460s] -- Up-to-date: /home/azaria007/Documents/GitHub/VRX_NUMarine/install/lib/libLightBuoyPlugin.so
[1.461s] -- Up-to-date: /home/azaria007/Documents/GitHub/VRX_NUMarine/install/lib/libNavigationScoringPlugin.so
[1.462s] -- Up-to-date: /home/azaria007/Documents/GitHub/VRX_NUMarine/install/lib/libGymkhanaScoringPlugin.so
[1.463s] -- Up-to-date: /home/azaria007/Documents/GitHub/VRX_NUMarine/install/lib/libPerceptionScoringPlugin.so
[1.464s] -- Up-to-date: /home/azaria007/Documents/GitHub/VRX_NUMarine/install/lib/libPlacardPlugin.so
[1.465s] -- Up-to-date: /home/azaria007/Documents/GitHub/VRX_NUMarine/install/lib/libPublisherPlugin.so
[1.465s] -- Up-to-date: /home/azaria007/Documents/GitHub/VRX_NUMarine/install/lib/libScanDockScoringPlugin.so
[1.466s] -- Up-to-date: /home/azaria007/Documents/GitHub/VRX_NUMarine/install/lib/libSimpleHydrodynamics.so
[1.467s] -- Up-to-date: /home/azaria007/Documents/GitHub/VRX_NUMarine/install/lib/libSurface.so
[1.467s] -- Up-to-date: /home/azaria007/Documents/GitHub/VRX_NUMarine/install/lib/libUSVWind.so
[1.468s] -- Up-to-date: /home/azaria007/Documents/GitHub/VRX_NUMarine/install/lib/libWaveVisual.so
[1.469s] -- Up-to-date: /home/azaria007/Documents/GitHub/VRX_NUMarine/install/lib/libWildlifeScoringPlugin.so
[1.469s] -- Up-to-date: /home/azaria007/Documents/GitHub/VRX_NUMarine/install/share/vrx_gz/environment/pythonpath.sh
[1.469s] -- Up-to-date: /home/azaria007/Documents/GitHub/VRX_NUMarine/install/share/vrx_gz/environment/pythonpath.dsv
[1.469s] -- Up-to-date: /home/azaria007/Documents/GitHub/VRX_NUMarine/install/local/lib/python3.10/dist-packages/vrx_gz-0.0.0-py3.10.egg-info
[1.469s] -- Installing: /home/azaria007/Documents/GitHub/VRX_NUMarine/install/local/lib/python3.10/dist-packages/vrx_gz-0.0.0-py3.10.egg-info/dependency_links.txt
[1.470s] -- Installing: /home/azaria007/Documents/GitHub/VRX_NUMarine/install/local/lib/python3.10/dist-packages/vrx_gz-0.0.0-py3.10.egg-info/PKG-INFO
[1.470s] -- Installing: /home/azaria007/Documents/GitHub/VRX_NUMarine/install/local/lib/python3.10/dist-packages/vrx_gz-0.0.0-py3.10.egg-info/top_level.txt
[1.470s] -- Installing: /home/azaria007/Documents/GitHub/VRX_NUMarine/install/local/lib/python3.10/dist-packages/vrx_gz-0.0.0-py3.10.egg-info/SOURCES.txt
[1.471s] -- Up-to-date: /home/azaria007/Documents/GitHub/VRX_NUMarine/install/local/lib/python3.10/dist-packages/vrx_gz
[1.471s] -- Up-to-date: /home/azaria007/Documents/GitHub/VRX_NUMarine/install/local/lib/python3.10/dist-packages/vrx_gz/bridge.py
[1.471s] -- Up-to-date: /home/azaria007/Documents/GitHub/VRX_NUMarine/install/local/lib/python3.10/dist-packages/vrx_gz/model.py
[1.471s] -- Up-to-date: /home/azaria007/Documents/GitHub/VRX_NUMarine/install/local/lib/python3.10/dist-packages/vrx_gz/bridges.py
[1.471s] -- Up-to-date: /home/azaria007/Documents/GitHub/VRX_NUMarine/install/local/lib/python3.10/dist-packages/vrx_gz/launch.py
[1.471s] -- Up-to-date: /home/azaria007/Documents/GitHub/VRX_NUMarine/install/local/lib/python3.10/dist-packages/vrx_gz/__init__.py
[1.472s] -- Up-to-date: /home/azaria007/Documents/GitHub/VRX_NUMarine/install/local/lib/python3.10/dist-packages/vrx_gz/payload_bridges.py
[1.518s] Listing '/home/azaria007/Documents/GitHub/VRX_NUMarine/install/local/lib/python3.10/dist-packages/vrx_gz'...
[1.524s] -- Up-to-date: /home/azaria007/Documents/GitHub/VRX_NUMarine/install/share/vrx_gz/config
[1.525s] -- Up-to-date: /home/azaria007/Documents/GitHub/VRX_NUMarine/install/share/vrx_gz/config/wamv.yaml
[1.525s] -- Up-to-date: /home/azaria007/Documents/GitHub/VRX_NUMarine/install/share/vrx_gz/config/roboboat.yaml
[1.526s] -- Up-to-date: /home/azaria007/Documents/GitHub/VRX_NUMarine/install/share/vrx_gz/launch
[1.526s] -- Up-to-date: /home/azaria007/Documents/GitHub/VRX_NUMarine/install/share/vrx_gz/launch/usv_joy_teleop.py
[1.526s] -- Up-to-date: /home/azaria007/Documents/GitHub/VRX_NUMarine/install/share/vrx_gz/launch/spawn_config.launch.py
[1.527s] -- Up-to-date: /home/azaria007/Documents/GitHub/VRX_NUMarine/install/share/vrx_gz/launch/competition.launch.py
[1.527s] -- Up-to-date: /home/azaria007/Documents/GitHub/VRX_NUMarine/install/share/vrx_gz/launch/vrx_environment.launch.py
[1.527s] -- Up-to-date: /home/azaria007/Documents/GitHub/VRX_NUMarine/install/share/vrx_gz/launch/spawn.launch.py
[1.527s] -- Up-to-date: /home/azaria007/Documents/GitHub/VRX_NUMarine/install/share/vrx_gz/models
[1.528s] -- Up-to-date: /home/azaria007/Documents/GitHub/VRX_NUMarine/install/share/vrx_gz/models/mb_round_buoy_orange
[1.528s] -- Up-to-date: /home/azaria007/Documents/GitHub/VRX_NUMarine/install/share/vrx_gz/models/mb_round_buoy_orange/thumbnails
[1.528s] -- Up-to-date: /home/azaria007/Documents/GitHub/VRX_NUMarine/install/share/vrx_gz/models/mb_round_buoy_orange/thumbnails/2.png
[1.529s] -- Up-to-date: /home/azaria007/Documents/GitHub/VRX_NUMarine/install/share/vrx_gz/models/mb_round_buoy_orange/thumbnails/3.png
[1.529s] -- Up-to-date: /home/azaria007/Documents/GitHub/VRX_NUMarine/install/share/vrx_gz/models/mb_round_buoy_orange/thumbnails/1.png
[1.529s] -- Up-to-date: /home/azaria007/Documents/GitHub/VRX_NUMarine/install/share/vrx_gz/models/mb_round_buoy_orange/thumbnails/5.png
[1.529s] -- Up-to-date: /home/azaria007/Documents/GitHub/VRX_NUMarine/install/share/vrx_gz/models/mb_round_buoy_orange/thumbnails/4.png
[1.529s] -- Up-to-date: /home/azaria007/Documents/GitHub/VRX_NUMarine/install/share/vrx_gz/models/mb_round_buoy_orange/meshes
[1.530s] -- Up-to-date: /home/azaria007/Documents/GitHub/VRX_NUMarine/install/share/vrx_gz/models/mb_round_buoy_orange/meshes/mb_round_buoy.dae
[1.530s] -- Up-to-date: /home/azaria007/Documents/GitHub/VRX_NUMarine/install/share/vrx_gz/models/mb_round_buoy_orange/model.config
[1.530s] -- Up-to-date: /home/azaria007/Documents/GitHub/VRX_NUMarine/install/share/vrx_gz/models/mb_round_buoy_orange/materials
[1.530s] -- Up-to-date: /home/azaria007/Documents/GitHub/VRX_NUMarine/install/share/vrx_gz/models/mb_round_buoy_orange/materials/textures
[1.530s] -- Up-to-date: /home/azaria007/Documents/GitHub/VRX_NUMarine/install/share/vrx_gz/models/mb_round_buoy_orange/materials/textures/RoundBarrierBuoy_Base_Color.png
[1.531s] -- Up-to-date: /home/azaria007/Documents/GitHub/VRX_NUMarine/install/share/vrx_gz/models/mb_round_buoy_orange/materials/textures/RoundBarrierBuoy_Roughness.png
[1.531s] -- Up-to-date: /home/azaria007/Documents/GitHub/VRX_NUMarine/install/share/vrx_gz/models/mb_round_buoy_orange/model.sdf
[1.531s] -- Up-to-date: /home/azaria007/Documents/GitHub/VRX_NUMarine/install/share/vrx_gz/models/roboboat02
[1.531s] -- Up-to-date: /home/azaria007/Documents/GitHub/VRX_NUMarine/install/share/vrx_gz/models/roboboat02/meshes
[1.531s] -- Up-to-date: /home/azaria007/Documents/GitHub/VRX_NUMarine/install/share/vrx_gz/models/roboboat02/meshes/roboboat02.dae
[1.531s] -- Up-to-date: /home/azaria007/Documents/GitHub/VRX_NUMarine/install/share/vrx_gz/models/roboboat02/model.config
[1.532s] -- Up-to-date: /home/azaria007/Documents/GitHub/VRX_NUMarine/install/share/vrx_gz/models/roboboat02/materials
[1.532s] -- Up-to-date: /home/azaria007/Documents/GitHub/VRX_NUMarine/install/share/vrx_gz/models/roboboat02/materials/scripts
[1.532s] -- Up-to-date: /home/azaria007/Documents/GitHub/VRX_NUMarine/install/share/vrx_gz/models/roboboat02/materials/scripts/model.material
[1.532s] -- Up-to-date: /home/azaria007/Documents/GitHub/VRX_NUMarine/install/share/vrx_gz/models/roboboat02/materials/textures
[1.532s] -- Up-to-date: /home/azaria007/Documents/GitHub/VRX_NUMarine/install/share/vrx_gz/models/roboboat02/materials/textures/Boat02_Metallic.png
[1.532s] -- Up-to-date: /home/azaria007/Documents/GitHub/VRX_NUMarine/install/share/vrx_gz/models/roboboat02/materials/textures/Boat02_Roughness.png
[1.533s] -- Up-to-date: /home/azaria007/Documents/GitHub/VRX_NUMarine/install/share/vrx_gz/models/roboboat02/materials/textures/Boat02_Albedo.png
[1.533s] -- Up-to-date: /home/azaria007/Documents/GitHub/VRX_NUMarine/install/share/vrx_gz/models/roboboat02/materials/textures/Boat02_Normal.png
[1.533s] -- Up-to-date: /home/azaria007/Documents/GitHub/VRX_NUMarine/install/share/vrx_gz/models/roboboat02/model.sdf
[1.533s] -- Up-to-date: /home/azaria007/Documents/GitHub/VRX_NUMarine/install/share/vrx_gz/models/entrance_exit
[1.534s] -- Up-to-date: /home/azaria007/Documents/GitHub/VRX_NUMarine/install/share/vrx_gz/models/entrance_exit/model.config
[1.534s] -- Up-to-date: /home/azaria007/Documents/GitHub/VRX_NUMarine/install/share/vrx_gz/models/entrance_exit/model.sdf
[1.534s] -- Up-to-date: /home/azaria007/Documents/GitHub/VRX_NUMarine/install/share/vrx_gz/models/foldable_table
[1.534s] -- Up-to-date: /home/azaria007/Documents/GitHub/VRX_NUMarine/install/share/vrx_gz/models/foldable_table/mesh
[1.534s] -- Up-to-date: /home/azaria007/Documents/GitHub/VRX_NUMarine/install/share/vrx_gz/models/foldable_table/mesh/foldable_table.png
[1.534s] -- Up-to-date: /home/azaria007/Documents/GitHub/VRX_NUMarine/install/share/vrx_gz/models/foldable_table/mesh/foldable_table.dae
[1.535s] -- Up-to-date: /home/azaria007/Documents/GitHub/VRX_NUMarine/install/share/vrx_gz/models/foldable_table/thumbnails
[1.535s] -- Up-to-date: /home/azaria007/Documents/GitHub/VRX_NUMarine/install/share/vrx_gz/models/foldable_table/thumbnails/2.png
[1.535s] -- Up-to-date: /home/azaria007/Documents/GitHub/VRX_NUMarine/install/share/vrx_gz/models/foldable_table/thumbnails/3.png
[1.535s] -- Up-to-date: /home/azaria007/Documents/GitHub/VRX_NUMarine/install/share/vrx_gz/models/foldable_table/thumbnails/1.png
[1.535s] -- Up-to-date: /home/azaria007/Documents/GitHub/VRX_NUMarine/install/share/vrx_gz/models/foldable_table/thumbnails/5.png
[1.535s] -- Up-to-date: /home/azaria007/Documents/GitHub/VRX_NUMarine/install/share/vrx_gz/models/foldable_table/thumbnails/4.png
[1.536s] -- Up-to-date: /home/azaria007/Documents/GitHub/VRX_NUMarine/install/share/vrx_gz/models/foldable_table/model.config
[1.536s] -- Up-to-date: /home/azaria007/Documents/GitHub/VRX_NUMarine/install/share/vrx_gz/models/foldable_table/model.sdf
[1.536s] -- Up-to-date: /home/azaria007/Documents/GitHub/VRX_NUMarine/install/share/vrx_gz/models/symbol_triangle
[1.536s] -- Up-to-date: /home/azaria007/Documents/GitHub/VRX_NUMarine/install/share/vrx_gz/models/symbol_triangle/mesh
[1.536s] -- Up-to-date: /home/azaria007/Documents/GitHub/VRX_NUMarine/install/share/vrx_gz/models/symbol_triangle/mesh/triangle.dae
[1.537s] -- Up-to-date: /home/azaria007/Documents/GitHub/VRX_NUMarine/install/share/vrx_gz/models/symbol_triangle/model.config
[1.537s] -- Up-to-date: /home/azaria007/Documents/GitHub/VRX_NUMarine/install/share/vrx_gz/models/symbol_triangle/model.sdf
[1.537s] -- Up-to-date: /home/azaria007/Documents/GitHub/VRX_NUMarine/install/share/vrx_gz/models/robotx_light_buoy_bgy
[1.537s] -- Up-to-date: /home/azaria007/Documents/GitHub/VRX_NUMarine/install/share/vrx_gz/models/robotx_light_buoy_bgy/model.config
[1.537s] -- Up-to-date: /home/azaria007/Documents/GitHub/VRX_NUMarine/install/share/vrx_gz/models/robotx_light_buoy_bgy/model.sdf
[1.538s] -- Up-to-date: /home/azaria007/Documents/GitHub/VRX_NUMarine/install/share/vrx_gz/models/short_navigation_course_1
[1.538s] -- Up-to-date: /home/azaria007/Documents/GitHub/VRX_NUMarine/install/share/vrx_gz/models/short_navigation_course_1/model.config
[1.538s] -- Up-to-date: /home/azaria007/Documents/GitHub/VRX_NUMarine/install/share/vrx_gz/models/short_navigation_course_1/model.sdf
[1.538s] -- Up-to-date: /home/azaria007/Documents/GitHub/VRX_NUMarine/install/share/vrx_gz/models/robotx_light_buoy_rgb
[1.538s] -- Up-to-date: /home/azaria007/Documents/GitHub/VRX_NUMarine/install/share/vrx_gz/models/robotx_light_buoy_rgb/mesh
[1.538s] -- Up-to-date: /home/azaria007/Documents/GitHub/VRX_NUMarine/install/share/vrx_gz/models/robotx_light_buoy_rgb/mesh/LightTower_Roughness.png
[1.539s] -- Up-to-date: /home/azaria007/Documents/GitHub/VRX_NUMarine/install/share/vrx_gz/models/robotx_light_buoy_rgb/mesh/LightTower_Opacity.png
[1.539s] -- Up-to-date: /home/azaria007/Documents/GitHub/VRX_NUMarine/install/share/vrx_gz/models/robotx_light_buoy_rgb/mesh/LightTower_Normal.png
[1.539s] -- Up-to-date: /home/azaria007/Documents/GitHub/VRX_NUMarine/install/share/vrx_gz/models/robotx_light_buoy_rgb/mesh/LightTower_Albedo.png
[1.539s] -- Up-to-date: /home/azaria007/Documents/GitHub/VRX_NUMarine/install/share/vrx_gz/models/robotx_light_buoy_rgb/mesh/LightTower_Metalness.png
[1.539s] -- Up-to-date: /home/azaria007/Documents/GitHub/VRX_NUMarine/install/share/vrx_gz/models/robotx_light_buoy_rgb/mesh/robotx_light_buoy.dae
[1.539s] -- Up-to-date: /home/azaria007/Documents/GitHub/VRX_NUMarine/install/share/vrx_gz/models/robotx_light_buoy_rgb/model.config
[1.540s] -- Up-to-date: /home/azaria007/Documents/GitHub/VRX_NUMarine/install/share/vrx_gz/models/robotx_light_buoy_rgb/model.sdf
[1.540s] -- Up-to-date: /home/azaria007/Documents/GitHub/VRX_NUMarine/install/share/vrx_gz/models/robotx_light_buoy_ygb
[1.541s] -- Up-to-date: /home/azaria007/Documents/GitHub/VRX_NUMarine/install/share/vrx_gz/models/robotx_light_buoy_ygb/model.config
[1.541s] -- Up-to-date: /home/azaria007/Documents/GitHub/VRX_NUMarine/install/share/vrx_gz/models/robotx_light_buoy_ygb/model.sdf
[1.541s] -- Up-to-date: /home/azaria007/Documents/GitHub/VRX_NUMarine/install/share/vrx_gz/models/mb_marker_buoy_red
[1.541s] -- Up-to-date: /home/azaria007/Documents/GitHub/VRX_NUMarine/install/share/vrx_gz/models/mb_marker_buoy_red/thumbnails
[1.541s] -- Up-to-date: /home/azaria007/Documents/GitHub/VRX_NUMarine/install/share/vrx_gz/models/mb_marker_buoy_red/thumbnails/2.png
[1.541s] -- Up-to-date: /home/azaria007/Documents/GitHub/VRX_NUMarine/install/share/vrx_gz/models/mb_marker_buoy_red/thumbnails/3.png
[1.542s] -- Up-to-date: /home/azaria007/Documents/GitHub/VRX_NUMarine/install/share/vrx_gz/models/mb_marker_buoy_red/thumbnails/1.png
[1.542s] -- Up-to-date: /home/azaria007/Documents/GitHub/VRX_NUMarine/install/share/vrx_gz/models/mb_marker_buoy_red/thumbnails/5.png
[1.542s] -- Up-to-date: /home/azaria007/Documents/GitHub/VRX_NUMarine/install/share/vrx_gz/models/mb_marker_buoy_red/thumbnails/4.png
[1.542s] -- Up-to-date: /home/azaria007/Documents/GitHub/VRX_NUMarine/install/share/vrx_gz/models/mb_marker_buoy_red/meshes
[1.542s] -- Up-to-date: /home/azaria007/Documents/GitHub/VRX_NUMarine/install/share/vrx_gz/models/mb_marker_buoy_red/meshes/mb_marker_buoy.dae
[1.543s] -- Up-to-date: /home/azaria007/Documents/GitHub/VRX_NUMarine/install/share/vrx_gz/models/mb_marker_buoy_red/model.config
[1.543s] -- Up-to-date: /home/azaria007/Documents/GitHub/VRX_NUMarine/install/share/vrx_gz/models/mb_marker_buoy_red/materials
[1.543s] -- Up-to-date: /home/azaria007/Documents/GitHub/VRX_NUMarine/install/share/vrx_gz/models/mb_marker_buoy_red/materials/textures
[1.543s] -- Up-to-date: /home/azaria007/Documents/GitHub/VRX_NUMarine/install/share/vrx_gz/models/mb_marker_buoy_red/materials/textures/MarkerBuoy_Roughness.png
[1.543s] -- Up-to-date: /home/azaria007/Documents/GitHub/VRX_NUMarine/install/share/vrx_gz/models/mb_marker_buoy_red/materials/textures/MarkerBuoy_Base_Color.png
[1.544s] -- Up-to-date: /home/azaria007/Documents/GitHub/VRX_NUMarine/install/share/vrx_gz/models/mb_marker_buoy_red/model.sdf
[1.544s] -- Up-to-date: /home/azaria007/Documents/GitHub/VRX_NUMarine/install/share/vrx_gz/models/dock_2022
[1.544s] -- Up-to-date: /home/azaria007/Documents/GitHub/VRX_NUMarine/install/share/vrx_gz/models/dock_2022/model.config
[1.544s] -- Up-to-date: /home/azaria007/Documents/GitHub/VRX_NUMarine/install/share/vrx_gz/models/dock_2022/model.sdf
[1.545s] -- Up-to-date: /home/azaria007/Documents/GitHub/VRX_NUMarine/install/share/vrx_gz/models/short_navigation_course_2
[1.545s] -- Up-to-date: /home/azaria007/Documents/GitHub/VRX_NUMarine/install/share/vrx_gz/models/short_navigation_course_2/model.config
[1.545s] -- Up-to-date: /home/azaria007/Documents/GitHub/VRX_NUMarine/install/share/vrx_gz/models/short_navigation_course_2/model.sdf
[1.545s] -- Up-to-date: /home/azaria007/Documents/GitHub/VRX_NUMarine/install/share/vrx_gz/models/post
[1.546s] -- Up-to-date: /home/azaria007/Documents/GitHub/VRX_NUMarine/install/share/vrx_gz/models/post/thumbnails
[1.546s] -- Up-to-date: /home/azaria007/Documents/GitHub/VRX_NUMarine/install/share/vrx_gz/models/post/thumbnails/2.png
[1.546s] -- Up-to-date: /home/azaria007/Documents/GitHub/VRX_NUMarine/install/share/vrx_gz/models/post/thumbnails/3.png
[1.546s] -- Up-to-date: /home/azaria007/Documents/GitHub/VRX_NUMarine/install/share/vrx_gz/models/post/thumbnails/1.png
[1.547s] -- Up-to-date: /home/azaria007/Documents/GitHub/VRX_NUMarine/install/share/vrx_gz/models/post/thumbnails/5.png
[1.547s] -- Up-to-date: /home/azaria007/Documents/GitHub/VRX_NUMarine/install/share/vrx_gz/models/post/thumbnails/4.png
[1.547s] -- Up-to-date: /home/azaria007/Documents/GitHub/VRX_NUMarine/install/share/vrx_gz/models/post/meshes
[1.547s] -- Up-to-date: /home/azaria007/Documents/GitHub/VRX_NUMarine/install/share/vrx_gz/models/post/meshes/post.dae
[1.547s] -- Up-to-date: /home/azaria007/Documents/GitHub/VRX_NUMarine/install/share/vrx_gz/models/post/model.config
[1.547s] -- Up-to-date: /home/azaria007/Documents/GitHub/VRX_NUMarine/install/share/vrx_gz/models/post/materials
[1.548s] -- Up-to-date: /home/azaria007/Documents/GitHub/VRX_NUMarine/install/share/vrx_gz/models/post/materials/textures
[1.548s] -- Up-to-date: /home/azaria007/Documents/GitHub/VRX_NUMarine/install/share/vrx_gz/models/post/materials/textures/post.png
[1.548s] -- Up-to-date: /home/azaria007/Documents/GitHub/VRX_NUMarine/install/share/vrx_gz/models/post/model.sdf
[1.548s] -- Up-to-date: /home/azaria007/Documents/GitHub/VRX_NUMarine/install/share/vrx_gz/models/antenna
[1.548s] -- Up-to-date: /home/azaria007/Documents/GitHub/VRX_NUMarine/install/share/vrx_gz/models/antenna/thumbnails
[1.548s] -- Up-to-date: /home/azaria007/Documents/GitHub/VRX_NUMarine/install/share/vrx_gz/models/antenna/thumbnails/2.png
[1.549s] -- Up-to-date: /home/azaria007/Documents/GitHub/VRX_NUMarine/install/share/vrx_gz/models/antenna/thumbnails/3.png
[1.549s] -- Up-to-date: /home/azaria007/Documents/GitHub/VRX_NUMarine/install/share/vrx_gz/models/antenna/thumbnails/1.png
[1.549s] -- Up-to-date: /home/azaria007/Documents/GitHub/VRX_NUMarine/install/share/vrx_gz/models/antenna/thumbnails/5.png
[1.549s] -- Up-to-date: /home/azaria007/Documents/GitHub/VRX_NUMarine/install/share/vrx_gz/models/antenna/thumbnails/4.png
[1.549s] -- Up-to-date: /home/azaria007/Documents/GitHub/VRX_NUMarine/install/share/vrx_gz/models/antenna/meshes
[1.549s] -- Up-to-date: /home/azaria007/Documents/GitHub/VRX_NUMarine/install/share/vrx_gz/models/antenna/meshes/antenna.png
[1.549s] -- Up-to-date: /home/azaria007/Documents/GitHub/VRX_NUMarine/install/share/vrx_gz/models/antenna/meshes/antenna.dae
[1.549s] -- Up-to-date: /home/azaria007/Documents/GitHub/VRX_NUMarine/install/share/vrx_gz/models/antenna/model.config
[1.550s] -- Up-to-date: /home/azaria007/Documents/GitHub/VRX_NUMarine/install/share/vrx_gz/models/antenna/model.sdf
[1.550s] -- Up-to-date: /home/azaria007/Documents/GitHub/VRX_NUMarine/install/share/vrx_gz/models/short_course_2023_phase3_2
[1.550s] -- Up-to-date: /home/azaria007/Documents/GitHub/VRX_NUMarine/install/share/vrx_gz/models/short_course_2023_phase3_2/model.config
[1.550s] -- Up-to-date: /home/azaria007/Documents/GitHub/VRX_NUMarine/install/share/vrx_gz/models/short_course_2023_phase3_2/model.sdf
[1.550s] -- Up-to-date: /home/azaria007/Documents/GitHub/VRX_NUMarine/install/share/vrx_gz/models/ground_station
[1.550s] -- Up-to-date: /home/azaria007/Documents/GitHub/VRX_NUMarine/install/share/vrx_gz/models/ground_station/thumbnails
[1.550s] -- Up-to-date: /home/azaria007/Documents/GitHub/VRX_NUMarine/install/share/vrx_gz/models/ground_station/thumbnails/2.png
[1.550s] -- Up-to-date: /home/azaria007/Documents/GitHub/VRX_NUMarine/install/share/vrx_gz/models/ground_station/thumbnails/3.png
[1.551s] -- Up-to-date: /home/azaria007/Documents/GitHub/VRX_NUMarine/install/share/vrx_gz/models/ground_station/thumbnails/1.png
[1.551s] -- Up-to-date: /home/azaria007/Documents/GitHub/VRX_NUMarine/install/share/vrx_gz/models/ground_station/thumbnails/5.png
[1.551s] -- Up-to-date: /home/azaria007/Documents/GitHub/VRX_NUMarine/install/share/vrx_gz/models/ground_station/thumbnails/4.png
[1.551s] -- Up-to-date: /home/azaria007/Documents/GitHub/VRX_NUMarine/install/share/vrx_gz/models/ground_station/model.config
[1.551s] -- Up-to-date: /home/azaria007/Documents/GitHub/VRX_NUMarine/install/share/vrx_gz/models/ground_station/model.sdf
[1.551s] -- Up-to-date: /home/azaria007/Documents/GitHub/VRX_NUMarine/install/share/vrx_gz/models/robotx_light_buoy_ybr
[1.551s] -- Up-to-date: /home/azaria007/Documents/GitHub/VRX_NUMarine/install/share/vrx_gz/models/robotx_light_buoy_ybr/model.config
[1.551s] -- Up-to-date: /home/azaria007/Documents/GitHub/VRX_NUMarine/install/share/vrx_gz/models/robotx_light_buoy_ybr/model.sdf
[1.551s] -- Up-to-date: /home/azaria007/Documents/GitHub/VRX_NUMarine/install/share/vrx_gz/models/robotx_light_buoy_rbg
[1.552s] -- Up-to-date: /home/azaria007/Documents/GitHub/VRX_NUMarine/install/share/vrx_gz/models/robotx_light_buoy_rbg/model.config
[1.552s] -- Up-to-date: /home/azaria007/Documents/GitHub/VRX_NUMarine/install/share/vrx_gz/models/robotx_light_buoy_rbg/model.sdf
[1.552s] -- Up-to-date: /home/azaria007/Documents/GitHub/VRX_NUMarine/install/share/vrx_gz/models/euro pallet
[1.554s] -- Up-to-date: /home/azaria007/Documents/GitHub/VRX_NUMarine/install/share/vrx_gz/models/euro pallet/thumbnails
[1.554s] -- Up-to-date: /home/azaria007/Documents/GitHub/VRX_NUMarine/install/share/vrx_gz/models/euro pallet/thumbnails/2.png
[1.554s] -- Up-to-date: /home/azaria007/Documents/GitHub/VRX_NUMarine/install/share/vrx_gz/models/euro pallet/thumbnails/3.png
[1.554s] -- Up-to-date: /home/azaria007/Documents/GitHub/VRX_NUMarine/install/share/vrx_gz/models/euro pallet/thumbnails/1.png
[1.555s] -- Up-to-date: /home/azaria007/Documents/GitHub/VRX_NUMarine/install/share/vrx_gz/models/euro pallet/thumbnails/5.png
[1.555s] -- Up-to-date: /home/azaria007/Documents/GitHub/VRX_NUMarine/install/share/vrx_gz/models/euro pallet/thumbnails/4.png
[1.555s] -- Up-to-date: /home/azaria007/Documents/GitHub/VRX_NUMarine/install/share/vrx_gz/models/euro pallet/meshes
[1.555s] -- Up-to-date: /home/azaria007/Documents/GitHub/VRX_NUMarine/install/share/vrx_gz/models/euro pallet/meshes/pallet.dae
[1.555s] -- Up-to-date: /home/azaria007/Documents/GitHub/VRX_NUMarine/install/share/vrx_gz/models/euro pallet/model.config
[1.556s] -- Up-to-date: /home/azaria007/Documents/GitHub/VRX_NUMarine/install/share/vrx_gz/models/euro pallet/model.sdf
[1.556s] -- Up-to-date: /home/azaria007/Documents/GitHub/VRX_NUMarine/install/share/vrx_gz/models/mb_marker_buoy_white
[1.556s] -- Up-to-date: /home/azaria007/Documents/GitHub/VRX_NUMarine/install/share/vrx_gz/models/mb_marker_buoy_white/thumbnails
[1.556s] -- Up-to-date: /home/azaria007/Documents/GitHub/VRX_NUMarine/install/share/vrx_gz/models/mb_marker_buoy_white/thumbnails/2.png
[1.556s] -- Up-to-date: /home/azaria007/Documents/GitHub/VRX_NUMarine/install/share/vrx_gz/models/mb_marker_buoy_white/thumbnails/3.png
[1.557s] -- Up-to-date: /home/azaria007/Documents/GitHub/VRX_NUMarine/install/share/vrx_gz/models/mb_marker_buoy_white/thumbnails/1.png
[1.557s] -- Up-to-date: /home/azaria007/Documents/GitHub/VRX_NUMarine/install/share/vrx_gz/models/mb_marker_buoy_white/thumbnails/5.png
[1.557s] -- Up-to-date: /home/azaria007/Documents/GitHub/VRX_NUMarine/install/share/vrx_gz/models/mb_marker_buoy_white/thumbnails/4.png
[1.557s] -- Up-to-date: /home/azaria007/Documents/GitHub/VRX_NUMarine/install/share/vrx_gz/models/mb_marker_buoy_white/model.config
[1.557s] -- Up-to-date: /home/azaria007/Documents/GitHub/VRX_NUMarine/install/share/vrx_gz/models/mb_marker_buoy_white/model.sdf
[1.557s] -- Up-to-date: /home/azaria007/Documents/GitHub/VRX_NUMarine/install/share/vrx_gz/models/short_course_2023_phase3_1
[1.558s] -- Up-to-date: /home/azaria007/Documents/GitHub/VRX_NUMarine/install/share/vrx_gz/models/short_course_2023_phase3_1/model.config
[1.558s] -- Up-to-date: /home/azaria007/Documents/GitHub/VRX_NUMarine/install/share/vrx_gz/models/short_course_2023_phase3_1/model.sdf
[1.558s] -- Up-to-date: /home/azaria007/Documents/GitHub/VRX_NUMarine/install/share/vrx_gz/models/mb_marker_buoy_green
[1.558s] -- Up-to-date: /home/azaria007/Documents/GitHub/VRX_NUMarine/install/share/vrx_gz/models/mb_marker_buoy_green/thumbnails
[1.558s] -- Up-to-date: /home/azaria007/Documents/GitHub/VRX_NUMarine/install/share/vrx_gz/models/mb_marker_buoy_green/thumbnails/2.png
[1.558s] -- Up-to-date: /home/azaria007/Documents/GitHub/VRX_NUMarine/install/share/vrx_gz/models/mb_marker_buoy_green/thumbnails/3.png
[1.558s] -- Up-to-date: /home/azaria007/Documents/GitHub/VRX_NUMarine/install/share/vrx_gz/models/mb_marker_buoy_green/thumbnails/1.png
[1.558s] -- Up-to-date: /home/azaria007/Documents/GitHub/VRX_NUMarine/install/share/vrx_gz/models/mb_marker_buoy_green/thumbnails/5.png
[1.559s] -- Up-to-date: /home/azaria007/Documents/GitHub/VRX_NUMarine/install/share/vrx_gz/models/mb_marker_buoy_green/thumbnails/4.png
[1.559s] -- Up-to-date: /home/azaria007/Documents/GitHub/VRX_NUMarine/install/share/vrx_gz/models/mb_marker_buoy_green/model.config
[1.559s] -- Up-to-date: /home/azaria007/Documents/GitHub/VRX_NUMarine/install/share/vrx_gz/models/mb_marker_buoy_green/model.sdf
[1.560s] -- Up-to-date: /home/azaria007/Documents/GitHub/VRX_NUMarine/install/share/vrx_gz/models/robotx_light_buoy_rgy
[1.560s] -- Up-to-date: /home/azaria007/Documents/GitHub/VRX_NUMarine/install/share/vrx_gz/models/robotx_light_buoy_rgy/model.config
[1.560s] -- Up-to-date: /home/azaria007/Documents/GitHub/VRX_NUMarine/install/share/vrx_gz/models/robotx_light_buoy_rgy/model.sdf
[1.561s] -- Up-to-date: /home/azaria007/Documents/GitHub/VRX_NUMarine/install/share/vrx_gz/models/dock_2022_base
[1.561s] -- Up-to-date: /home/azaria007/Documents/GitHub/VRX_NUMarine/install/share/vrx_gz/models/dock_2022_base/model.config
[1.562s] -- Up-to-date: /home/azaria007/Documents/GitHub/VRX_NUMarine/install/share/vrx_gz/models/dock_2022_base/model.sdf
[1.562s] -- Up-to-date: /home/azaria007/Documents/GitHub/VRX_NUMarine/install/share/vrx_gz/models/sydney_regatta
[1.562s] -- Up-to-date: /home/azaria007/Documents/GitHub/VRX_NUMarine/install/share/vrx_gz/models/sydney_regatta/thumbnails
[1.562s] -- Up-to-date: /home/azaria007/Documents/GitHub/VRX_NUMarine/install/share/vrx_gz/models/sydney_regatta/thumbnails/2.png
[1.563s] -- Up-to-date: /home/azaria007/Documents/GitHub/VRX_NUMarine/install/share/vrx_gz/models/sydney_regatta/thumbnails/3.png
[1.563s] -- Up-to-date: /home/azaria007/Documents/GitHub/VRX_NUMarine/install/share/vrx_gz/models/sydney_regatta/thumbnails/1.png
[1.564s] -- Up-to-date: /home/azaria007/Documents/GitHub/VRX_NUMarine/install/share/vrx_gz/models/sydney_regatta/thumbnails/5.png
[1.564s] -- Up-to-date: /home/azaria007/Documents/GitHub/VRX_NUMarine/install/share/vrx_gz/models/sydney_regatta/thumbnails/4.png
[1.565s] -- Up-to-date: /home/azaria007/Documents/GitHub/VRX_NUMarine/install/share/vrx_gz/models/sydney_regatta/meshes
[1.566s] -- Up-to-date: /home/azaria007/Documents/GitHub/VRX_NUMarine/install/share/vrx_gz/models/sydney_regatta/meshes/sydney_regatta.dae
[1.566s] -- Up-to-date: /home/azaria007/Documents/GitHub/VRX_NUMarine/install/share/vrx_gz/models/sydney_regatta/meshes/sydney_regatta_shore.dae
[1.566s] -- Up-to-date: /home/azaria007/Documents/GitHub/VRX_NUMarine/install/share/vrx_gz/models/sydney_regatta/model.config
[1.567s] -- Up-to-date: /home/azaria007/Documents/GitHub/VRX_NUMarine/install/share/vrx_gz/models/sydney_regatta/materials
[1.567s] -- Up-to-date: /home/azaria007/Documents/GitHub/VRX_NUMarine/install/share/vrx_gz/models/sydney_regatta/materials/textures
[1.567s] -- Up-to-date: /home/azaria007/Documents/GitHub/VRX_NUMarine/install/share/vrx_gz/models/sydney_regatta/materials/textures/TreeDiffuse.png
[1.567s] -- Up-to-date: /home/azaria007/Documents/GitHub/VRX_NUMarine/install/share/vrx_gz/models/sydney_regatta/materials/textures/Wall_05.png
[1.568s] -- Up-to-date: /home/azaria007/Documents/GitHub/VRX_NUMarine/install/share/vrx_gz/models/sydney_regatta/materials/textures/RoofCorrugated.png
[1.568s] -- Up-to-date: /home/azaria007/Documents/GitHub/VRX_NUMarine/install/share/vrx_gz/models/sydney_regatta/materials/textures/Terrain.png
[1.569s] -- Up-to-date: /home/azaria007/Documents/GitHub/VRX_NUMarine/install/share/vrx_gz/models/sydney_regatta/materials/textures/DockDark.png
[1.569s] -- Up-to-date: /home/azaria007/Documents/GitHub/VRX_NUMarine/install/share/vrx_gz/models/sydney_regatta/materials/textures/Dock.png
[1.569s] -- Up-to-date: /home/azaria007/Documents/GitHub/VRX_NUMarine/install/share/vrx_gz/models/sydney_regatta/materials/textures/MetalGalvanized.png
[1.570s] -- Up-to-date: /home/azaria007/Documents/GitHub/VRX_NUMarine/install/share/vrx_gz/models/sydney_regatta/materials/textures/Windows_Dark.png
[1.570s] -- Up-to-date: /home/azaria007/Documents/GitHub/VRX_NUMarine/install/share/vrx_gz/models/sydney_regatta/model.sdf
[1.570s] -- Up-to-date: /home/azaria007/Documents/GitHub/VRX_NUMarine/install/share/vrx_gz/models/short_navigation_course_5
[1.570s] -- Up-to-date: /home/azaria007/Documents/GitHub/VRX_NUMarine/install/share/vrx_gz/models/short_navigation_course_5/model.config
[1.570s] -- Up-to-date: /home/azaria007/Documents/GitHub/VRX_NUMarine/install/share/vrx_gz/models/short_navigation_course_5/model.sdf
[1.571s] -- Up-to-date: /home/azaria007/Documents/GitHub/VRX_NUMarine/install/share/vrx_gz/models/mb_round_buoy_black
[1.571s] -- Up-to-date: /home/azaria007/Documents/GitHub/VRX_NUMarine/install/share/vrx_gz/models/mb_round_buoy_black/thumbnails
[1.571s] -- Up-to-date: /home/azaria007/Documents/GitHub/VRX_NUMarine/install/share/vrx_gz/models/mb_round_buoy_black/thumbnails/2.png
[1.571s] -- Up-to-date: /home/azaria007/Documents/GitHub/VRX_NUMarine/install/share/vrx_gz/models/mb_round_buoy_black/thumbnails/3.png
[1.572s] -- Up-to-date: /home/azaria007/Documents/GitHub/VRX_NUMarine/install/share/vrx_gz/models/mb_round_buoy_black/thumbnails/1.png
[1.572s] -- Up-to-date: /home/azaria007/Documents/GitHub/VRX_NUMarine/install/share/vrx_gz/models/mb_round_buoy_black/thumbnails/5.png
[1.572s] -- Up-to-date: /home/azaria007/Documents/GitHub/VRX_NUMarine/install/share/vrx_gz/models/mb_round_buoy_black/thumbnails/4.png
[1.573s] -- Up-to-date: /home/azaria007/Documents/GitHub/VRX_NUMarine/install/share/vrx_gz/models/mb_round_buoy_black/model.config
[1.574s] -- Up-to-date: /home/azaria007/Documents/GitHub/VRX_NUMarine/install/share/vrx_gz/models/mb_round_buoy_black/model.sdf
[1.574s] -- Up-to-date: /home/azaria007/Documents/GitHub/VRX_NUMarine/install/share/vrx_gz/models/roboboat01
[1.574s] -- Up-to-date: /home/azaria007/Documents/GitHub/VRX_NUMarine/install/share/vrx_gz/models/roboboat01/meshes
[1.574s] -- Up-to-date: /home/azaria007/Documents/GitHub/VRX_NUMarine/install/share/vrx_gz/models/roboboat01/meshes/prop.dae
[1.575s] -- Up-to-date: /home/azaria007/Documents/GitHub/VRX_NUMarine/install/share/vrx_gz/models/roboboat01/meshes/mount.dae
[1.575s] -- Up-to-date: /home/azaria007/Documents/GitHub/VRX_NUMarine/install/share/vrx_gz/models/roboboat01/meshes/housing.dae
[1.575s] -- Up-to-date: /home/azaria007/Documents/GitHub/VRX_NUMarine/install/share/vrx_gz/models/roboboat01/meshes/roboboat01.dae
[1.575s] -- Up-to-date: /home/azaria007/Documents/GitHub/VRX_NUMarine/install/share/vrx_gz/models/roboboat01/model.config
[1.575s] -- Up-to-date: /home/azaria007/Documents/GitHub/VRX_NUMarine/install/share/vrx_gz/models/roboboat01/materials
[1.575s] -- Up-to-date: /home/azaria007/Documents/GitHub/VRX_NUMarine/install/share/vrx_gz/models/roboboat01/materials/scripts
[1.576s] -- Up-to-date: /home/azaria007/Documents/GitHub/VRX_NUMarine/install/share/vrx_gz/models/roboboat01/materials/scripts/model.material
[1.576s] -- Up-to-date: /home/azaria007/Documents/GitHub/VRX_NUMarine/install/share/vrx_gz/models/roboboat01/materials/textures
[1.576s] -- Up-to-date: /home/azaria007/Documents/GitHub/VRX_NUMarine/install/share/vrx_gz/models/roboboat01/materials/textures/Boat01_Roughness.png
[1.577s] -- Up-to-date: /home/azaria007/Documents/GitHub/VRX_NUMarine/install/share/vrx_gz/models/roboboat01/materials/textures/Boat01_Normal.png
[1.577s] -- Up-to-date: /home/azaria007/Documents/GitHub/VRX_NUMarine/install/share/vrx_gz/models/roboboat01/materials/textures/Boat01_Metallic.png
[1.577s] -- Up-to-date: /home/azaria007/Documents/GitHub/VRX_NUMarine/install/share/vrx_gz/models/roboboat01/materials/textures/Thruster_Albedo.png
[1.577s] -- Up-to-date: /home/azaria007/Documents/GitHub/VRX_NUMarine/install/share/vrx_gz/models/roboboat01/materials/textures/Boat01_Albedo.png
[1.578s] -- Up-to-date: /home/azaria007/Documents/GitHub/VRX_NUMarine/install/share/vrx_gz/models/roboboat01/materials/textures/Thruster_Roughness.png
[1.579s] -- Up-to-date: /home/azaria007/Documents/GitHub/VRX_NUMarine/install/share/vrx_gz/models/roboboat01/model.sdf
[1.579s] -- Up-to-date: /home/azaria007/Documents/GitHub/VRX_NUMarine/install/share/vrx_gz/models/mb_marker_buoy_black
[1.579s] -- Up-to-date: /home/azaria007/Documents/GitHub/VRX_NUMarine/install/share/vrx_gz/models/mb_marker_buoy_black/thumbnails
[1.580s] -- Up-to-date: /home/azaria007/Documents/GitHub/VRX_NUMarine/install/share/vrx_gz/models/mb_marker_buoy_black/thumbnails/2.png
[1.580s] -- Up-to-date: /home/azaria007/Documents/GitHub/VRX_NUMarine/install/share/vrx_gz/models/mb_marker_buoy_black/thumbnails/3.png
[1.580s] -- Up-to-date: /home/azaria007/Documents/GitHub/VRX_NUMarine/install/share/vrx_gz/models/mb_marker_buoy_black/thumbnails/1.png
[1.580s] -- Up-to-date: /home/azaria007/Documents/GitHub/VRX_NUMarine/install/share/vrx_gz/models/mb_marker_buoy_black/thumbnails/5.png
[1.581s] -- Up-to-date: /home/azaria007/Documents/GitHub/VRX_NUMarine/install/share/vrx_gz/models/mb_marker_buoy_black/thumbnails/4.png
[1.581s] -- Up-to-date: /home/azaria007/Documents/GitHub/VRX_NUMarine/install/share/vrx_gz/models/mb_marker_buoy_black/model.config
[1.582s] -- Up-to-date: /home/azaria007/Documents/GitHub/VRX_NUMarine/install/share/vrx_gz/models/mb_marker_buoy_black/model.sdf
[1.582s] -- Up-to-date: /home/azaria007/Documents/GitHub/VRX_NUMarine/install/share/vrx_gz/models/robotx_light_buoy_gbr
[1.582s] -- Up-to-date: /home/azaria007/Documents/GitHub/VRX_NUMarine/install/share/vrx_gz/models/robotx_light_buoy_gbr/model.config
[1.583s] -- Up-to-date: /home/azaria007/Documents/GitHub/VRX_NUMarine/install/share/vrx_gz/models/robotx_light_buoy_gbr/model.sdf
[1.583s] -- Up-to-date: /home/azaria007/Documents/GitHub/VRX_NUMarine/install/share/vrx_gz/models/coast_waves
[1.583s] -- Up-to-date: /home/azaria007/Documents/GitHub/VRX_NUMarine/install/share/vrx_gz/models/coast_waves/meshes
[1.583s] -- Up-to-date: /home/azaria007/Documents/GitHub/VRX_NUMarine/install/share/vrx_gz/models/coast_waves/meshes/waterlow.dae
[1.584s] -- Up-to-date: /home/azaria007/Documents/GitHub/VRX_NUMarine/install/share/vrx_gz/models/coast_waves/model.config
[1.584s] -- Up-to-date: /home/azaria007/Documents/GitHub/VRX_NUMarine/install/share/vrx_gz/models/coast_waves/materials
[1.584s] -- Up-to-date: /home/azaria007/Documents/GitHub/VRX_NUMarine/install/share/vrx_gz/models/coast_waves/materials/programs
[1.584s] -- Up-to-date: /home/azaria007/Documents/GitHub/VRX_NUMarine/install/share/vrx_gz/models/coast_waves/materials/programs/GerstnerWaves_fs_330.glsl
[1.585s] -- Up-to-date: /home/azaria007/Documents/GitHub/VRX_NUMarine/install/share/vrx_gz/models/coast_waves/materials/programs/GerstnerWaves_vs_330.glsl
[1.585s] -- Up-to-date: /home/azaria007/Documents/GitHub/VRX_NUMarine/install/share/vrx_gz/models/coast_waves/materials/textures
[1.585s] -- Up-to-date: /home/azaria007/Documents/GitHub/VRX_NUMarine/install/share/vrx_gz/models/coast_waves/materials/textures/skybox_lowres.dds
[1.585s] -- Up-to-date: /home/azaria007/Documents/GitHub/VRX_NUMarine/install/share/vrx_gz/models/coast_waves/materials/textures/wave_normals.dds
[1.586s] -- Up-to-date: /home/azaria007/Documents/GitHub/VRX_NUMarine/install/share/vrx_gz/models/coast_waves/model.sdf
[1.586s] -- Up-to-date: /home/azaria007/Documents/GitHub/VRX_NUMarine/install/share/vrx_gz/models/placard_2022
[1.587s] -- Up-to-date: /home/azaria007/Documents/GitHub/VRX_NUMarine/install/share/vrx_gz/models/placard_2022/meshes
[1.587s] -- Up-to-date: /home/azaria007/Documents/GitHub/VRX_NUMarine/install/share/vrx_gz/models/placard_2022/meshes/placard_2022.dae
[1.588s] -- Up-to-date: /home/azaria007/Documents/GitHub/VRX_NUMarine/install/share/vrx_gz/models/placard_2022/model.config
[1.588s] -- Up-to-date: /home/azaria007/Documents/GitHub/VRX_NUMarine/install/share/vrx_gz/models/placard_2022/materials
[1.588s] -- Up-to-date: /home/azaria007/Documents/GitHub/VRX_NUMarine/install/share/vrx_gz/models/placard_2022/materials/textures
[1.588s] -- Up-to-date: /home/azaria007/Documents/GitHub/VRX_NUMarine/install/share/vrx_gz/models/placard_2022/materials/textures/Placard.png
[1.588s] -- Up-to-date: /home/azaria007/Documents/GitHub/VRX_NUMarine/install/share/vrx_gz/models/placard_2022/model.sdf
[1.589s] -- Up-to-date: /home/azaria007/Documents/GitHub/VRX_NUMarine/install/share/vrx_gz/models/roboboat_cpubox
[1.589s] -- Up-to-date: /home/azaria007/Documents/GitHub/VRX_NUMarine/install/share/vrx_gz/models/roboboat_cpubox/meshes
[1.589s] -- Up-to-date: /home/azaria007/Documents/GitHub/VRX_NUMarine/install/share/vrx_gz/models/roboboat_cpubox/meshes/drybox.dae
[1.589s] -- Up-to-date: /home/azaria007/Documents/GitHub/VRX_NUMarine/install/share/vrx_gz/models/roboboat_cpubox/model.config
[1.589s] -- Up-to-date: /home/azaria007/Documents/GitHub/VRX_NUMarine/install/share/vrx_gz/models/roboboat_cpubox/materials
[1.589s] -- Up-to-date: /home/azaria007/Documents/GitHub/VRX_NUMarine/install/share/vrx_gz/models/roboboat_cpubox/materials/textures
[1.589s] -- Up-to-date: /home/azaria007/Documents/GitHub/VRX_NUMarine/install/share/vrx_gz/models/roboboat_cpubox/materials/textures/DryBox_Albedo.png
[1.589s] -- Up-to-date: /home/azaria007/Documents/GitHub/VRX_NUMarine/install/share/vrx_gz/models/roboboat_cpubox/materials/textures/DryBox_Roughness.png
[1.590s] -- Up-to-date: /home/azaria007/Documents/GitHub/VRX_NUMarine/install/share/vrx_gz/models/roboboat_cpubox/model.sdf
[1.590s] -- Up-to-date: /home/azaria007/Documents/GitHub/VRX_NUMarine/install/share/vrx_gz/models/robotx_light_buoy_yrg
[1.590s] -- Up-to-date: /home/azaria007/Documents/GitHub/VRX_NUMarine/install/share/vrx_gz/models/robotx_light_buoy_yrg/model.config
[1.590s] -- Up-to-date: /home/azaria007/Documents/GitHub/VRX_NUMarine/install/share/vrx_gz/models/robotx_light_buoy_yrg/model.sdf
[1.590s] -- Up-to-date: /home/azaria007/Documents/GitHub/VRX_NUMarine/install/share/vrx_gz/models/short_navigation_course_3
[1.590s] -- Up-to-date: /home/azaria007/Documents/GitHub/VRX_NUMarine/install/share/vrx_gz/models/short_navigation_course_3/model.config
[1.590s] -- Up-to-date: /home/azaria007/Documents/GitHub/VRX_NUMarine/install/share/vrx_gz/models/short_navigation_course_3/model.sdf
[1.590s] -- Up-to-date: /home/azaria007/Documents/GitHub/VRX_NUMarine/install/share/vrx_gz/models/platform
[1.591s] -- Up-to-date: /home/azaria007/Documents/GitHub/VRX_NUMarine/install/share/vrx_gz/models/platform/model.config
[1.591s] -- Up-to-date: /home/azaria007/Documents/GitHub/VRX_NUMarine/install/share/vrx_gz/models/platform/model.sdf
[1.591s] -- Up-to-date: /home/azaria007/Documents/GitHub/VRX_NUMarine/install/share/vrx_gz/models/dock_block_4x4
[1.591s] -- Up-to-date: /home/azaria007/Documents/GitHub/VRX_NUMarine/install/share/vrx_gz/models/dock_block_4x4/mesh
[1.591s] -- Up-to-date: /home/azaria007/Documents/GitHub/VRX_NUMarine/install/share/vrx_gz/models/dock_block_4x4/mesh/DockCubes_Normal.png
[1.591s] -- Up-to-date: /home/azaria007/Documents/GitHub/VRX_NUMarine/install/share/vrx_gz/models/dock_block_4x4/mesh/DockCubes_Roughness.png
[1.591s] -- Up-to-date: /home/azaria007/Documents/GitHub/VRX_NUMarine/install/share/vrx_gz/models/dock_block_4x4/mesh/dock_block_4x4.dae
[1.591s] -- Up-to-date: /home/azaria007/Documents/GitHub/VRX_NUMarine/install/share/vrx_gz/models/dock_block_4x4/mesh/DockCubes_Albedo.png
[1.592s] -- Up-to-date: /home/azaria007/Documents/GitHub/VRX_NUMarine/install/share/vrx_gz/models/dock_block_4x4/mesh/DockCubes_Metalness.png
[1.592s] -- Up-to-date: /home/azaria007/Documents/GitHub/VRX_NUMarine/install/share/vrx_gz/models/dock_block_4x4/model.config
[1.592s] -- Up-to-date: /home/azaria007/Documents/GitHub/VRX_NUMarine/install/share/vrx_gz/models/dock_block_4x4/model.sdf
[1.592s] -- Up-to-date: /home/azaria007/Documents/GitHub/VRX_NUMarine/install/share/vrx_gz/models/short_navigation_course_4
[1.592s] -- Up-to-date: /home/azaria007/Documents/GitHub/VRX_NUMarine/install/share/vrx_gz/models/short_navigation_course_4/model.config
[1.593s] -- Up-to-date: /home/azaria007/Documents/GitHub/VRX_NUMarine/install/share/vrx_gz/models/short_navigation_course_4/model.sdf
[1.593s] -- Up-to-date: /home/azaria007/Documents/GitHub/VRX_NUMarine/install/share/vrx_gz/models/obstacle_course
[1.593s] -- Up-to-date: /home/azaria007/Documents/GitHub/VRX_NUMarine/install/share/vrx_gz/models/obstacle_course/model.config
[1.593s] -- Up-to-date: /home/azaria007/Documents/GitHub/VRX_NUMarine/install/share/vrx_gz/models/obstacle_course/model.sdf
[1.593s] -- Up-to-date: /home/azaria007/Documents/GitHub/VRX_NUMarine/install/share/vrx_gz/models/robotx_light_buoy_bgr
[1.593s] -- Up-to-date: /home/azaria007/Documents/GitHub/VRX_NUMarine/install/share/vrx_gz/models/robotx_light_buoy_bgr/model.config
[1.594s] -- Up-to-date: /home/azaria007/Documents/GitHub/VRX_NUMarine/install/share/vrx_gz/models/robotx_light_buoy_bgr/model.sdf
[1.594s] -- Up-to-date: /home/azaria007/Documents/GitHub/VRX_NUMarine/install/share/vrx_gz/models/short_navigation_course_0
[1.594s] -- Up-to-date: /home/azaria007/Documents/GitHub/VRX_NUMarine/install/share/vrx_gz/models/short_navigation_course_0/model.config
[1.594s] -- Up-to-date: /home/azaria007/Documents/GitHub/VRX_NUMarine/install/share/vrx_gz/models/short_navigation_course_0/model.sdf
[1.594s] -- Up-to-date: /home/azaria007/Documents/GitHub/VRX_NUMarine/install/share/vrx_gz/models/foldable_chair
[1.594s] -- Up-to-date: /home/azaria007/Documents/GitHub/VRX_NUMarine/install/share/vrx_gz/models/foldable_chair/mesh
[1.594s] -- Up-to-date: /home/azaria007/Documents/GitHub/VRX_NUMarine/install/share/vrx_gz/models/foldable_chair/mesh/foldable_chair.png
[1.594s] -- Up-to-date: /home/azaria007/Documents/GitHub/VRX_NUMarine/install/share/vrx_gz/models/foldable_chair/mesh/foldable_chair.dae
[1.595s] -- Up-to-date: /home/azaria007/Documents/GitHub/VRX_NUMarine/install/share/vrx_gz/models/foldable_chair/thumbnails
[1.595s] -- Up-to-date: /home/azaria007/Documents/GitHub/VRX_NUMarine/install/share/vrx_gz/models/foldable_chair/thumbnails/2.png
[1.595s] -- Up-to-date: /home/azaria007/Documents/GitHub/VRX_NUMarine/install/share/vrx_gz/models/foldable_chair/thumbnails/3.png
[1.595s] -- Up-to-date: /home/azaria007/Documents/GitHub/VRX_NUMarine/install/share/vrx_gz/models/foldable_chair/thumbnails/1.png
[1.595s] -- Up-to-date: /home/azaria007/Documents/GitHub/VRX_NUMarine/install/share/vrx_gz/models/foldable_chair/thumbnails/5.png
[1.595s] -- Up-to-date: /home/azaria007/Documents/GitHub/VRX_NUMarine/install/share/vrx_gz/models/foldable_chair/thumbnails/4.png
[1.595s] -- Up-to-date: /home/azaria007/Documents/GitHub/VRX_NUMarine/install/share/vrx_gz/models/foldable_chair/model.config
[1.595s] -- Up-to-date: /home/azaria007/Documents/GitHub/VRX_NUMarine/install/share/vrx_gz/models/foldable_chair/model.sdf
[1.595s] -- Up-to-date: /home/azaria007/Documents/GitHub/VRX_NUMarine/install/share/vrx_gz/models/tent
[1.596s] -- Up-to-date: /home/azaria007/Documents/GitHub/VRX_NUMarine/install/share/vrx_gz/models/tent/mesh
[1.596s] -- Up-to-date: /home/azaria007/Documents/GitHub/VRX_NUMarine/install/share/vrx_gz/models/tent/mesh/tent.dae
[1.596s] -- Up-to-date: /home/azaria007/Documents/GitHub/VRX_NUMarine/install/share/vrx_gz/models/tent/mesh/tent.png
[1.596s] -- Up-to-date: /home/azaria007/Documents/GitHub/VRX_NUMarine/install/share/vrx_gz/models/tent/thumbnails
[1.596s] -- Up-to-date: /home/azaria007/Documents/GitHub/VRX_NUMarine/install/share/vrx_gz/models/tent/thumbnails/2.png
[1.596s] -- Up-to-date: /home/azaria007/Documents/GitHub/VRX_NUMarine/install/share/vrx_gz/models/tent/thumbnails/3.png
[1.596s] -- Up-to-date: /home/azaria007/Documents/GitHub/VRX_NUMarine/install/share/vrx_gz/models/tent/thumbnails/1.png
[1.596s] -- Up-to-date: /home/azaria007/Documents/GitHub/VRX_NUMarine/install/share/vrx_gz/models/tent/thumbnails/5.png
[1.597s] -- Up-to-date: /home/azaria007/Documents/GitHub/VRX_NUMarine/install/share/vrx_gz/models/tent/thumbnails/4.png
[1.597s] -- Up-to-date: /home/azaria007/Documents/GitHub/VRX_NUMarine/install/share/vrx_gz/models/tent/model.config
[1.597s] -- Up-to-date: /home/azaria007/Documents/GitHub/VRX_NUMarine/install/share/vrx_gz/models/tent/model.sdf
[1.597s] -- Up-to-date: /home/azaria007/Documents/GitHub/VRX_NUMarine/install/share/vrx_gz/models/articulated_platform
[1.597s] -- Up-to-date: /home/azaria007/Documents/GitHub/VRX_NUMarine/install/share/vrx_gz/models/articulated_platform/model.config
[1.597s] -- Up-to-date: /home/azaria007/Documents/GitHub/VRX_NUMarine/install/share/vrx_gz/models/articulated_platform/model.sdf
[1.597s] -- Up-to-date: /home/azaria007/Documents/GitHub/VRX_NUMarine/install/share/vrx_gz/worlds
[1.597s] -- Up-to-date: /home/azaria007/Documents/GitHub/VRX_NUMarine/install/share/vrx_gz/worlds/stationkeeping_task.sdf
[1.598s] -- Up-to-date: /home/azaria007/Documents/GitHub/VRX_NUMarine/install/share/vrx_gz/worlds/gymkhana_task.sdf
[1.598s] -- Up-to-date: /home/azaria007/Documents/GitHub/VRX_NUMarine/install/share/vrx_gz/worlds/navigation_task.sdf
[1.598s] -- Up-to-date: /home/azaria007/Documents/GitHub/VRX_NUMarine/install/share/vrx_gz/worlds/wildlife_task.sdf
[1.598s] -- Up-to-date: /home/azaria007/Documents/GitHub/VRX_NUMarine/install/share/vrx_gz/worlds/scan_dock_deliver_task.sdf
[1.598s] -- Up-to-date: /home/azaria007/Documents/GitHub/VRX_NUMarine/install/share/vrx_gz/worlds/acoustic_tracking_task.sdf
[1.598s] -- Up-to-date: /home/azaria007/Documents/GitHub/VRX_NUMarine/install/share/vrx_gz/worlds/acoustic_perception_task.sdf
[1.598s] -- Up-to-date: /home/azaria007/Documents/GitHub/VRX_NUMarine/install/share/vrx_gz/worlds/sydney_regatta.sdf
[1.599s] -- Up-to-date: /home/azaria007/Documents/GitHub/VRX_NUMarine/install/share/vrx_gz/worlds/wayfinding_task.sdf
[1.599s] -- Up-to-date: /home/azaria007/Documents/GitHub/VRX_NUMarine/install/share/vrx_gz/worlds/nbpark.sdf
[1.599s] -- Up-to-date: /home/azaria007/Documents/GitHub/VRX_NUMarine/install/share/vrx_gz/worlds/follow_path_task.sdf
[1.599s] -- Up-to-date: /home/azaria007/Documents/GitHub/VRX_NUMarine/install/share/vrx_gz/worlds/2023_practice
[1.599s] -- Up-to-date: /home/azaria007/Documents/GitHub/VRX_NUMarine/install/share/vrx_gz/worlds/2023_practice/practice_2023_acoustic_perception1_task.sdf
[1.599s] -- Up-to-date: /home/azaria007/Documents/GitHub/VRX_NUMarine/install/share/vrx_gz/worlds/2023_practice/practice_2023_wayfinding2_task.sdf
[1.599s] -- Up-to-date: /home/azaria007/Documents/GitHub/VRX_NUMarine/install/share/vrx_gz/worlds/2023_practice/practice_2023_scan_dock_deliver2_task.sdf
[1.600s] -- Up-to-date: /home/azaria007/Documents/GitHub/VRX_NUMarine/install/share/vrx_gz/worlds/2023_practice/practice_2023_wayfinding1_task.sdf
[1.600s] -- Up-to-date: /home/azaria007/Documents/GitHub/VRX_NUMarine/install/share/vrx_gz/worlds/2023_practice/practice_2023_follow_path0_task.sdf
[1.600s] -- Up-to-date: /home/azaria007/Documents/GitHub/VRX_NUMarine/install/share/vrx_gz/worlds/2023_practice/practice_2023_scan_dock_deliver0_task.sdf
[1.600s] -- Up-to-date: /home/azaria007/Documents/GitHub/VRX_NUMarine/install/share/vrx_gz/worlds/2023_practice/practice_2023_stationkeeping2_task.sdf
[1.600s] -- Up-to-date: /home/azaria007/Documents/GitHub/VRX_NUMarine/install/share/vrx_gz/worlds/2023_practice/practice_2023_follow_path2_task.sdf
[1.600s] -- Up-to-date: /home/azaria007/Documents/GitHub/VRX_NUMarine/install/share/vrx_gz/worlds/2023_practice/practice_2023_scan_dock_deliver1_task.sdf
[1.600s] -- Up-to-date: /home/azaria007/Documents/GitHub/VRX_NUMarine/install/share/vrx_gz/worlds/2023_practice/practice_2023_perception1_task.sdf
[1.600s] -- Up-to-date: /home/azaria007/Documents/GitHub/VRX_NUMarine/install/share/vrx_gz/worlds/2023_practice/practice_2023_acoustic_perception0_task.sdf
[1.601s] -- Up-to-date: /home/azaria007/Documents/GitHub/VRX_NUMarine/install/share/vrx_gz/worlds/2023_practice/practice_2023_perception2_task.sdf
[1.601s] -- Up-to-date: /home/azaria007/Documents/GitHub/VRX_NUMarine/install/share/vrx_gz/worlds/2023_practice/practice_2023_wayfinding0_task.sdf
[1.601s] -- Up-to-date: /home/azaria007/Documents/GitHub/VRX_NUMarine/install/share/vrx_gz/worlds/2023_practice/practice_2023_wildlife2_task.sdf
[1.601s] -- Up-to-date: /home/azaria007/Documents/GitHub/VRX_NUMarine/install/share/vrx_gz/worlds/2023_practice/practice_2023_acoustic_tracking2_task.sdf
[1.601s] -- Up-to-date: /home/azaria007/Documents/GitHub/VRX_NUMarine/install/share/vrx_gz/worlds/2023_practice/practice_2023_acoustic_perception2_task.sdf
[1.601s] -- Up-to-date: /home/azaria007/Documents/GitHub/VRX_NUMarine/install/share/vrx_gz/worlds/2023_practice/practice_2023_acoustic_tracking0_task.sdf
[1.601s] -- Up-to-date: /home/azaria007/Documents/GitHub/VRX_NUMarine/install/share/vrx_gz/worlds/2023_practice/practice_2023_wildlife1_task.sdf
[1.601s] -- Up-to-date: /home/azaria007/Documents/GitHub/VRX_NUMarine/install/share/vrx_gz/worlds/2023_practice/practice_2023_wildlife0_task.sdf
[1.602s] -- Up-to-date: /home/azaria007/Documents/GitHub/VRX_NUMarine/install/share/vrx_gz/worlds/2023_practice/practice_2023_perception0_task.sdf
[1.602s] -- Up-to-date: /home/azaria007/Documents/GitHub/VRX_NUMarine/install/share/vrx_gz/worlds/2023_practice/practice_2023_acoustic_tracking1_task.sdf
[1.602s] -- Up-to-date: /home/azaria007/Documents/GitHub/VRX_NUMarine/install/share/vrx_gz/worlds/2023_practice/practice_2023_stationkeeping0_task.sdf
[1.602s] -- Up-to-date: /home/azaria007/Documents/GitHub/VRX_NUMarine/install/share/vrx_gz/worlds/2023_practice/practice_2023_stationkeeping1_task.sdf
[1.602s] -- Up-to-date: /home/azaria007/Documents/GitHub/VRX_NUMarine/install/share/vrx_gz/worlds/2023_practice/practice_2023_follow_path1_task.sdf
[1.602s] -- Up-to-date: /home/azaria007/Documents/GitHub/VRX_NUMarine/install/share/vrx_gz/worlds/perception_task.sdf
[1.602s] -- Up-to-date: /home/azaria007/Documents/GitHub/VRX_NUMarine/install/share/ament_index/resource_index/package_run_dependencies/vrx_gz
[1.603s] -- Up-to-date: /home/azaria007/Documents/GitHub/VRX_NUMarine/install/share/ament_index/resource_index/parent_prefix_path/vrx_gz
[1.603s] -- Up-to-date: /home/azaria007/Documents/GitHub/VRX_NUMarine/install/share/vrx_gz/environment/ament_prefix_path.sh
[1.603s] -- Up-to-date: /home/azaria007/Documents/GitHub/VRX_NUMarine/install/share/vrx_gz/environment/ament_prefix_path.dsv
[1.603s] -- Up-to-date: /home/azaria007/Documents/GitHub/VRX_NUMarine/install/share/vrx_gz/environment/path.sh
[1.603s] -- Up-to-date: /home/azaria007/Documents/GitHub/VRX_NUMarine/install/share/vrx_gz/environment/path.dsv
[1.603s] -- Up-to-date: /home/azaria007/Documents/GitHub/VRX_NUMarine/install/share/vrx_gz/local_setup.bash
[1.603s] -- Up-to-date: /home/azaria007/Documents/GitHub/VRX_NUMarine/install/share/vrx_gz/local_setup.sh
[1.603s] -- Up-to-date: /home/azaria007/Documents/GitHub/VRX_NUMarine/install/share/vrx_gz/local_setup.zsh
[1.604s] -- Up-to-date: /home/azaria007/Documents/GitHub/VRX_NUMarine/install/share/vrx_gz/local_setup.dsv
[1.604s] -- Installing: /home/azaria007/Documents/GitHub/VRX_NUMarine/install/share/vrx_gz/package.dsv
[1.604s] -- Up-to-date: /home/azaria007/Documents/GitHub/VRX_NUMarine/install/share/ament_index/resource_index/packages/vrx_gz
[1.604s] -- Up-to-date: /home/azaria007/Documents/GitHub/VRX_NUMarine/install/share/vrx_gz/cmake/vrx_gzConfig.cmake
[1.604s] -- Up-to-date: /home/azaria007/Documents/GitHub/VRX_NUMarine/install/share/vrx_gz/cmake/vrx_gzConfig-version.cmake
[1.604s] -- Up-to-date: /home/azaria007/Documents/GitHub/VRX_NUMarine/install/share/vrx_gz/package.xml
[1.605s] Invoked command in '/home/azaria007/Documents/GitHub/VRX_NUMarine/build/vrx_gz' returned '0': CMAKE_PREFIX_PATH=${CMAKE_PREFIX_PATH}:/opt/ros/humble PYTHONPATH=/home/azaria007/Documents/GitHub/VRX_NUMarine/install/lib/python3.10/site-packages:/home/azaria007/Documents/GitHub/VRX_NUMarine/install/local/lib/python3.10/dist-packages:/opt/ros/humble/lib/python3.10/site-packages:/opt/ros/humble/local/lib/python3.10/dist-packages /usr/bin/cmake --install /home/azaria007/Documents/GitHub/VRX_NUMarine/build/vrx_gz
