[0.051s] Invoking command in '/home/azaria007/Documents/GitHub/VRX_NUMarine/build/wamv_description': CMAKE_PREFIX_PATH=${CMAKE_PREFIX_PATH}:/opt/ros/humble GZ_SIM_RESOURCE_PATH=/home/azaria007/Documents/GitHub/VRX_NUMarine/install/share:${GZ_SIM_RESOURCE_PATH} PYTHONPATH=/home/azaria007/Documents/GitHub/VRX_NUMarine/install/lib/python3.10/site-packages:/home/azaria007/Documents/GitHub/VRX_NUMarine/install/local/lib/python3.10/dist-packages:/opt/ros/humble/lib/python3.10/site-packages:/opt/ros/humble/local/lib/python3.10/dist-packages /usr/bin/cmake --build /home/azaria007/Documents/GitHub/VRX_NUMarine/build/wamv_description -- -j8 -l8
[0.298s] [100%] Built target wamv_description__xacro_auto_generate
[0.346s] Invoked command in '/home/azaria007/Documents/GitHub/VRX_NUMarine/build/wamv_description' returned '0': CMAKE_PREFIX_PATH=${CMAKE_PREFIX_PATH}:/opt/ros/humble GZ_SIM_RESOURCE_PATH=/home/azaria007/Documents/GitHub/VRX_NUMarine/install/share:${GZ_SIM_RESOURCE_PATH} PYTHONPATH=/home/azaria007/Documents/GitHub/VRX_NUMarine/install/lib/python3.10/site-packages:/home/azaria007/Documents/GitHub/VRX_NUMarine/install/local/lib/python3.10/dist-packages:/opt/ros/humble/lib/python3.10/site-packages:/opt/ros/humble/local/lib/python3.10/dist-packages /usr/bin/cmake --build /home/azaria007/Documents/GitHub/VRX_NUMarine/build/wamv_description -- -j8 -l8
[0.446s] Invoking command in '/home/azaria007/Documents/GitHub/VRX_NUMarine/build/wamv_description': CMAKE_PREFIX_PATH=${CMAKE_PREFIX_PATH}:/opt/ros/humble GZ_SIM_RESOURCE_PATH=/home/azaria007/Documents/GitHub/VRX_NUMarine/install/share:${GZ_SIM_RESOURCE_PATH} PYTHONPATH=/home/azaria007/Documents/GitHub/VRX_NUMarine/install/lib/python3.10/site-packages:/home/azaria007/Documents/GitHub/VRX_NUMarine/install/local/lib/python3.10/dist-packages:/opt/ros/humble/lib/python3.10/site-packages:/opt/ros/humble/local/lib/python3.10/dist-packages /usr/bin/cmake --install /home/azaria007/Documents/GitHub/VRX_NUMarine/build/wamv_description
[0.477s] -- Install configuration: ""
[0.478s] -- Up-to-date: /home/azaria007/Documents/GitHub/VRX_NUMarine/install/share/wamv_description/environment/resource_paths.dsv
[0.481s] -- Up-to-date: /home/azaria007/Documents/GitHub/VRX_NUMarine/install/share/wamv_description/environment/resource_paths.sh
[0.483s] -- Up-to-date: /home/azaria007/Documents/GitHub/VRX_NUMarine/install/share/wamv_description/urdf/wamv_base.urdf
[0.485s] -- Up-to-date: /home/azaria007/Documents/GitHub/VRX_NUMarine/install/share/wamv_description/models
[0.488s] -- Up-to-date: /home/azaria007/Documents/GitHub/VRX_NUMarine/install/share/wamv_description/models/propeller
[0.492s] -- Up-to-date: /home/azaria007/Documents/GitHub/VRX_NUMarine/install/share/wamv_description/models/propeller/mesh
[0.496s] -- Up-to-date: /home/azaria007/Documents/GitHub/VRX_NUMarine/install/share/wamv_description/models/propeller/mesh/propeller.dae
[0.496s] -- Up-to-date: /home/azaria007/Documents/GitHub/VRX_NUMarine/install/share/wamv_description/models/propeller/model.config
[0.497s] -- Up-to-date: /home/azaria007/Documents/GitHub/VRX_NUMarine/install/share/wamv_description/models/WAM-V-Base
[0.498s] -- Up-to-date: /home/azaria007/Documents/GitHub/VRX_NUMarine/install/share/wamv_description/models/WAM-V-Base/mesh
[0.508s] -- Up-to-date: /home/azaria007/Documents/GitHub/VRX_NUMarine/install/share/wamv_description/models/WAM-V-Base/mesh/WAM-V_Metalness.png
[0.510s] -- Up-to-date: /home/azaria007/Documents/GitHub/VRX_NUMarine/install/share/wamv_description/models/WAM-V-Base/mesh/WAM-V_Albedo.png
[0.510s] -- Up-to-date: /home/azaria007/Documents/GitHub/VRX_NUMarine/install/share/wamv_description/models/WAM-V-Base/mesh/WAM-V_Normal.png
[0.511s] -- Up-to-date: /home/azaria007/Documents/GitHub/VRX_NUMarine/install/share/wamv_description/models/WAM-V-Base/mesh/WAM-V-Base.dae
[0.511s] -- Up-to-date: /home/azaria007/Documents/GitHub/VRX_NUMarine/install/share/wamv_description/models/WAM-V-Base/mesh/WAM-V_Roughness.png
[0.514s] -- Up-to-date: /home/azaria007/Documents/GitHub/VRX_NUMarine/install/share/wamv_description/models/WAM-V-Base/mesh/WamV.png
[0.515s] -- Up-to-date: /home/azaria007/Documents/GitHub/VRX_NUMarine/install/share/wamv_description/models/WAM-V-Base/model.config
[0.520s] -- Up-to-date: /home/azaria007/Documents/GitHub/VRX_NUMarine/install/share/wamv_description/models/engine
[0.522s] -- Up-to-date: /home/azaria007/Documents/GitHub/VRX_NUMarine/install/share/wamv_description/models/engine/mesh
[0.522s] -- Up-to-date: /home/azaria007/Documents/GitHub/VRX_NUMarine/install/share/wamv_description/models/engine/mesh/engine.dae
[0.537s] -- Up-to-date: /home/azaria007/Documents/GitHub/VRX_NUMarine/install/share/wamv_description/models/engine/model.config
[0.539s] -- Up-to-date: /home/azaria007/Documents/GitHub/VRX_NUMarine/install/share/wamv_description/urdf
[0.541s] -- Up-to-date: /home/azaria007/Documents/GitHub/VRX_NUMarine/install/share/wamv_description/urdf/cpu_cases.xacro
[0.541s] -- Up-to-date: /home/azaria007/Documents/GitHub/VRX_NUMarine/install/share/wamv_description/urdf/thrusters
[0.541s] -- Up-to-date: /home/azaria007/Documents/GitHub/VRX_NUMarine/install/share/wamv_description/urdf/thrusters/engine.xacro
[0.544s] -- Up-to-date: /home/azaria007/Documents/GitHub/VRX_NUMarine/install/share/wamv_description/urdf/battery.xacro
[0.545s] -- Up-to-date: /home/azaria007/Documents/GitHub/VRX_NUMarine/install/share/wamv_description/urdf/wamv_base.urdf.xacro
[0.546s] -- Up-to-date: /home/azaria007/Documents/GitHub/VRX_NUMarine/install/share/ament_index/resource_index/package_run_dependencies/wamv_description
[0.547s] -- Up-to-date: /home/azaria007/Documents/GitHub/VRX_NUMarine/install/share/ament_index/resource_index/parent_prefix_path/wamv_description
[0.547s] -- Up-to-date: /home/azaria007/Documents/GitHub/VRX_NUMarine/install/share/wamv_description/environment/ament_prefix_path.sh
[0.550s] -- Up-to-date: /home/azaria007/Documents/GitHub/VRX_NUMarine/install/share/wamv_description/environment/ament_prefix_path.dsv
[0.551s] -- Up-to-date: /home/azaria007/Documents/GitHub/VRX_NUMarine/install/share/wamv_description/environment/path.sh
[0.553s] -- Up-to-date: /home/azaria007/Documents/GitHub/VRX_NUMarine/install/share/wamv_description/environment/path.dsv
[0.557s] -- Up-to-date: /home/azaria007/Documents/GitHub/VRX_NUMarine/install/share/wamv_description/local_setup.bash
[0.560s] -- Up-to-date: /home/azaria007/Documents/GitHub/VRX_NUMarine/install/share/wamv_description/local_setup.sh
[0.566s] -- Up-to-date: /home/azaria007/Documents/GitHub/VRX_NUMarine/install/share/wamv_description/local_setup.zsh
[0.575s] -- Up-to-date: /home/azaria007/Documents/GitHub/VRX_NUMarine/install/share/wamv_description/local_setup.dsv
[0.575s] -- Installing: /home/azaria007/Documents/GitHub/VRX_NUMarine/install/share/wamv_description/package.dsv
[0.575s] -- Up-to-date: /home/azaria007/Documents/GitHub/VRX_NUMarine/install/share/ament_index/resource_index/packages/wamv_description
[0.580s] -- Up-to-date: /home/azaria007/Documents/GitHub/VRX_NUMarine/install/share/wamv_description/cmake/wamv_descriptionConfig.cmake
[0.580s] -- Up-to-date: /home/azaria007/Documents/GitHub/VRX_NUMarine/install/share/wamv_description/cmake/wamv_descriptionConfig-version.cmake
[0.580s] -- Up-to-date: /home/azaria007/Documents/GitHub/VRX_NUMarine/install/share/wamv_description/package.xml
[0.614s] Invoked command in '/home/azaria007/Documents/GitHub/VRX_NUMarine/build/wamv_description' returned '0': CMAKE_PREFIX_PATH=${CMAKE_PREFIX_PATH}:/opt/ros/humble GZ_SIM_RESOURCE_PATH=/home/azaria007/Documents/GitHub/VRX_NUMarine/install/share:${GZ_SIM_RESOURCE_PATH} PYTHONPATH=/home/azaria007/Documents/GitHub/VRX_NUMarine/install/lib/python3.10/site-packages:/home/azaria007/Documents/GitHub/VRX_NUMarine/install/local/lib/python3.10/dist-packages:/opt/ros/humble/lib/python3.10/site-packages:/opt/ros/humble/local/lib/python3.10/dist-packages /usr/bin/cmake --install /home/azaria007/Documents/GitHub/VRX_NUMarine/build/wamv_description
