[0.715s] Invoking command in '/home/azaria007/Documents/GitHub/VRX_NUMarine/build/teleop_cpp_ros2': CMAKE_PREFIX_PATH=${CMAKE_PREFIX_PATH}:/opt/ros/humble /usr/bin/cmake /home/azaria007/Documents/GitHub/VRX_NUMarine/src/vrx/ros_packages/teleop_cpp_ros2 -DCMAKE_INSTALL_PREFIX=/home/azaria007/Documents/GitHub/VRX_NUMarine/install
[0.889s] -- The C compiler identification is GNU 11.4.0
[1.070s] -- The CXX compiler identification is GNU 11.4.0
[1.079s] -- Detecting C compiler ABI info
[1.342s] -- Detecting C compiler ABI info - done
[1.371s] -- Check for working C compiler: /usr/bin/cc - skipped
[1.373s] -- Detecting C compile features
[1.374s] -- Detecting C compile features - done
[1.390s] -- Detecting CXX compiler ABI info
[1.645s] -- Detecting CXX compiler ABI info - done
[1.664s] -- Check for working CXX compiler: /usr/bin/c++ - skipped
[1.665s] -- Detecting CXX compile features
[1.666s] -- Detecting CXX compile features - done
[1.674s] -- Found ament_cmake: 1.3.9 (/opt/ros/humble/share/ament_cmake/cmake)
[2.252s] -- Found Python3: /usr/bin/python3 (found version "3.10.12") found components: Interpreter 
[2.449s] -- Found rclcpp: 16.0.9 (/opt/ros/humble/share/rclcpp/cmake)
[2.532s] -- Found rosidl_generator_c: 3.1.5 (/opt/ros/humble/share/rosidl_generator_c/cmake)
[2.542s] -- Found rosidl_adapter: 3.1.5 (/opt/ros/humble/share/rosidl_adapter/cmake)
[2.561s] -- Found rosidl_generator_cpp: 3.1.5 (/opt/ros/humble/share/rosidl_generator_cpp/cmake)
[2.588s] -- Using all available rosidl_typesupport_c: rosidl_typesupport_fastrtps_c;rosidl_typesupport_introspection_c
[2.634s] -- Using all available rosidl_typesupport_cpp: rosidl_typesupport_fastrtps_cpp;rosidl_typesupport_introspection_cpp
[2.780s] -- Found rmw_implementation_cmake: 6.1.2 (/opt/ros/humble/share/rmw_implementation_cmake/cmake)
[2.785s] -- Found rmw_fastrtps_cpp: 6.2.6 (/opt/ros/humble/share/rmw_fastrtps_cpp/cmake)
[3.020s] -- Found OpenSSL: /usr/lib/x86_64-linux-gnu/libcrypto.so (found version "3.0.2")  
[3.081s] -- Found FastRTPS: /opt/ros/humble/include  
[3.207s] -- Using RMW implementation 'rmw_fastrtps_cpp' as default
[3.230s] -- Looking for pthread.h
[3.432s] -- Looking for pthread.h - found
[3.433s] -- Performing Test CMAKE_HAVE_LIBC_PTHREAD
[3.629s] -- Performing Test CMAKE_HAVE_LIBC_PTHREAD - Success
[3.631s] -- Found Threads: TRUE  
[4.076s] -- Found geometry_msgs: 4.2.4 (/opt/ros/humble/share/geometry_msgs/cmake)
[4.168s] -- Found sensor_msgs: 4.2.4 (/opt/ros/humble/share/sensor_msgs/cmake)
[4.348s] -- Found ament_lint_auto: 0.12.11 (/opt/ros/humble/share/ament_lint_auto/cmake)
[4.702s] -- Added test 'copyright' to check source files copyright and LICENSE
[4.718s] -- Added test 'cppcheck' to perform static code analysis on C / C++ code
[4.718s] -- Configured cppcheck include dirs: /home/azaria007/Documents/GitHub/VRX_NUMarine/src/vrx/ros_packages/teleop_cpp_ros2/include
[4.718s] -- Configured cppcheck exclude dirs and/or files: 
[4.718s] -- Added test 'cpplint' to check C / C++ code against the Google style
[4.719s] -- Configured cpplint exclude dirs and/or files: 
[4.722s] -- Added test 'lint_cmake' to check CMake code style
[4.727s] -- Added test 'uncrustify' to check C / C++ code style
[4.727s] -- Configured uncrustify additional arguments: 
[4.736s] -- Added test 'xmllint' to check XML markup files
[4.737s] -- Configuring done
[4.764s] -- Generating done
[4.769s] -- Build files have been written to: /home/azaria007/Documents/GitHub/VRX_NUMarine/build/teleop_cpp_ros2
[4.839s] Invoked command in '/home/azaria007/Documents/GitHub/VRX_NUMarine/build/teleop_cpp_ros2' returned '0': CMAKE_PREFIX_PATH=${CMAKE_PREFIX_PATH}:/opt/ros/humble /usr/bin/cmake /home/azaria007/Documents/GitHub/VRX_NUMarine/src/vrx/ros_packages/teleop_cpp_ros2 -DCMAKE_INSTALL_PREFIX=/home/azaria007/Documents/GitHub/VRX_NUMarine/install
[4.840s] Invoking command in '/home/azaria007/Documents/GitHub/VRX_NUMarine/build/teleop_cpp_ros2': CMAKE_PREFIX_PATH=${CMAKE_PREFIX_PATH}:/opt/ros/humble /usr/bin/cmake --build /home/azaria007/Documents/GitHub/VRX_NUMarine/build/teleop_cpp_ros2 -- -j8 -l8
[4.980s] [ 50%] [32mBuilding CXX object CMakeFiles/usv_teleop.dir/src/usv_teleop.cpp.o[0m
[16.793s] [100%] [32m[1mLinking CXX executable usv_teleop[0m
[17.277s] [100%] Built target usv_teleop
[17.296s] Invoked command in '/home/azaria007/Documents/GitHub/VRX_NUMarine/build/teleop_cpp_ros2' returned '0': CMAKE_PREFIX_PATH=${CMAKE_PREFIX_PATH}:/opt/ros/humble /usr/bin/cmake --build /home/azaria007/Documents/GitHub/VRX_NUMarine/build/teleop_cpp_ros2 -- -j8 -l8
[17.355s] Invoking command in '/home/azaria007/Documents/GitHub/VRX_NUMarine/build/teleop_cpp_ros2': CMAKE_PREFIX_PATH=${CMAKE_PREFIX_PATH}:/opt/ros/humble /usr/bin/cmake --install /home/azaria007/Documents/GitHub/VRX_NUMarine/build/teleop_cpp_ros2
[17.371s] -- Install configuration: ""
[17.372s] -- Installing: /home/azaria007/Documents/GitHub/VRX_NUMarine/install/lib/teleop_cpp_ros2/usv_teleop
[17.372s] -- Set runtime path of "/home/azaria007/Documents/GitHub/VRX_NUMarine/install/lib/teleop_cpp_ros2/usv_teleop" to ""
[17.373s] -- Installing: /home/azaria007/Documents/GitHub/VRX_NUMarine/install/share/ament_index/resource_index/package_run_dependencies/teleop_cpp_ros2
[17.373s] -- Installing: /home/azaria007/Documents/GitHub/VRX_NUMarine/install/share/ament_index/resource_index/parent_prefix_path/teleop_cpp_ros2
[17.373s] -- Installing: /home/azaria007/Documents/GitHub/VRX_NUMarine/install/share/teleop_cpp_ros2/environment/ament_prefix_path.sh
[17.377s] -- Installing: /home/azaria007/Documents/GitHub/VRX_NUMarine/install/share/teleop_cpp_ros2/environment/ament_prefix_path.dsv
[17.378s] -- Installing: /home/azaria007/Documents/GitHub/VRX_NUMarine/install/share/teleop_cpp_ros2/environment/path.sh
[17.385s] -- Installing: /home/azaria007/Documents/GitHub/VRX_NUMarine/install/share/teleop_cpp_ros2/environment/path.dsv
[17.385s] -- Installing: /home/azaria007/Documents/GitHub/VRX_NUMarine/install/share/teleop_cpp_ros2/local_setup.bash
[17.386s] -- Installing: /home/azaria007/Documents/GitHub/VRX_NUMarine/install/share/teleop_cpp_ros2/local_setup.sh
[17.386s] -- Installing: /home/azaria007/Documents/GitHub/VRX_NUMarine/install/share/teleop_cpp_ros2/local_setup.zsh
[17.386s] -- Installing: /home/azaria007/Documents/GitHub/VRX_NUMarine/install/share/teleop_cpp_ros2/local_setup.dsv
[17.386s] -- Installing: /home/azaria007/Documents/GitHub/VRX_NUMarine/install/share/teleop_cpp_ros2/package.dsv
[17.386s] -- Installing: /home/azaria007/Documents/GitHub/VRX_NUMarine/install/share/ament_index/resource_index/packages/teleop_cpp_ros2
[17.386s] -- Installing: /home/azaria007/Documents/GitHub/VRX_NUMarine/install/share/teleop_cpp_ros2/cmake/teleop_cpp_ros2Config.cmake
[17.387s] -- Installing: /home/azaria007/Documents/GitHub/VRX_NUMarine/install/share/teleop_cpp_ros2/cmake/teleop_cpp_ros2Config-version.cmake
[17.387s] -- Installing: /home/azaria007/Documents/GitHub/VRX_NUMarine/install/share/teleop_cpp_ros2/package.xml
[17.388s] Invoked command in '/home/azaria007/Documents/GitHub/VRX_NUMarine/build/teleop_cpp_ros2' returned '0': CMAKE_PREFIX_PATH=${CMAKE_PREFIX_PATH}:/opt/ros/humble /usr/bin/cmake --install /home/azaria007/Documents/GitHub/VRX_NUMarine/build/teleop_cpp_ros2
