[0.091s] Invoking command in '/home/azaria007/Documents/GitHub/VRX_NUMarine/build/wamv_description': CMAKE_PREFIX_PATH=${CMAKE_PREFIX_PATH}:/opt/ros/humble GZ_SIM_RESOURCE_PATH=/home/azaria007/Documents/GitHub/VRX_NUMarine/install/share:${GZ_SIM_RESOURCE_PATH} PYTHONPATH=/home/azaria007/Documents/GitHub/VRX_NUMarine/install/lib/python3.10/site-packages:/home/azaria007/Documents/GitHub/VRX_NUMarine/install/local/lib/python3.10/dist-packages:/opt/ros/humble/lib/python3.10/site-packages:/opt/ros/humble/local/lib/python3.10/dist-packages /usr/bin/cmake --build /home/azaria007/Documents/GitHub/VRX_NUMarine/build/wamv_description -- -j8 -l8
[0.625s] [100%] Built target wamv_description__xacro_auto_generate
[0.732s] Invoked command in '/home/azaria007/Documents/GitHub/VRX_NUMarine/build/wamv_description' returned '0': CMAKE_PREFIX_PATH=${CMAKE_PREFIX_PATH}:/opt/ros/humble GZ_SIM_RESOURCE_PATH=/home/azaria007/Documents/GitHub/VRX_NUMarine/install/share:${GZ_SIM_RESOURCE_PATH} PYTHONPATH=/home/azaria007/Documents/GitHub/VRX_NUMarine/install/lib/python3.10/site-packages:/home/azaria007/Documents/GitHub/VRX_NUMarine/install/local/lib/python3.10/dist-packages:/opt/ros/humble/lib/python3.10/site-packages:/opt/ros/humble/local/lib/python3.10/dist-packages /usr/bin/cmake --build /home/azaria007/Documents/GitHub/VRX_NUMarine/build/wamv_description -- -j8 -l8
[1.067s] Invoking command in '/home/azaria007/Documents/GitHub/VRX_NUMarine/build/wamv_description': CMAKE_PREFIX_PATH=${CMAKE_PREFIX_PATH}:/opt/ros/humble GZ_SIM_RESOURCE_PATH=/home/azaria007/Documents/GitHub/VRX_NUMarine/install/share:${GZ_SIM_RESOURCE_PATH} PYTHONPATH=/home/azaria007/Documents/GitHub/VRX_NUMarine/install/lib/python3.10/site-packages:/home/azaria007/Documents/GitHub/VRX_NUMarine/install/local/lib/python3.10/dist-packages:/opt/ros/humble/lib/python3.10/site-packages:/opt/ros/humble/local/lib/python3.10/dist-packages /usr/bin/cmake --install /home/azaria007/Documents/GitHub/VRX_NUMarine/build/wamv_description
[1.159s] -- Install configuration: ""
[1.165s] -- Up-to-date: /home/azaria007/Documents/GitHub/VRX_NUMarine/install/share/wamv_description/environment/resource_paths.dsv
[1.165s] -- Up-to-date: /home/azaria007/Documents/GitHub/VRX_NUMarine/install/share/wamv_description/environment/resource_paths.sh
[1.165s] -- Up-to-date: /home/azaria007/Documents/GitHub/VRX_NUMarine/install/share/wamv_description/urdf/wamv_base.urdf
[1.165s] -- Up-to-date: /home/azaria007/Documents/GitHub/VRX_NUMarine/install/share/wamv_description/models
[1.165s] -- Up-to-date: /home/azaria007/Documents/GitHub/VRX_NUMarine/install/share/wamv_description/models/propeller
[1.165s] -- Up-to-date: /home/azaria007/Documents/GitHub/VRX_NUMarine/install/share/wamv_description/models/propeller/mesh
[1.166s] -- Up-to-date: /home/azaria007/Documents/GitHub/VRX_NUMarine/install/share/wamv_description/models/propeller/mesh/propeller.dae
[1.166s] -- Up-to-date: /home/azaria007/Documents/GitHub/VRX_NUMarine/install/share/wamv_description/models/propeller/model.config
[1.166s] -- Up-to-date: /home/azaria007/Documents/GitHub/VRX_NUMarine/install/share/wamv_description/models/WAM-V-Base
[1.166s] -- Up-to-date: /home/azaria007/Documents/GitHub/VRX_NUMarine/install/share/wamv_description/models/WAM-V-Base/mesh
[1.166s] -- Up-to-date: /home/azaria007/Documents/GitHub/VRX_NUMarine/install/share/wamv_description/models/WAM-V-Base/mesh/WAM-V_Metalness.png
[1.166s] -- Up-to-date: /home/azaria007/Documents/GitHub/VRX_NUMarine/install/share/wamv_description/models/WAM-V-Base/mesh/WAM-V_Albedo.png
[1.166s] -- Up-to-date: /home/azaria007/Documents/GitHub/VRX_NUMarine/install/share/wamv_description/models/WAM-V-Base/mesh/WAM-V_Normal.png
[1.166s] -- Up-to-date: /home/azaria007/Documents/GitHub/VRX_NUMarine/install/share/wamv_description/models/WAM-V-Base/mesh/WAM-V-Base.dae
[1.167s] -- Up-to-date: /home/azaria007/Documents/GitHub/VRX_NUMarine/install/share/wamv_description/models/WAM-V-Base/mesh/WAM-V_Roughness.png
[1.167s] -- Up-to-date: /home/azaria007/Documents/GitHub/VRX_NUMarine/install/share/wamv_description/models/WAM-V-Base/mesh/WamV.png
[1.167s] -- Up-to-date: /home/azaria007/Documents/GitHub/VRX_NUMarine/install/share/wamv_description/models/WAM-V-Base/model.config
[1.167s] -- Up-to-date: /home/azaria007/Documents/GitHub/VRX_NUMarine/install/share/wamv_description/models/engine
[1.167s] -- Up-to-date: /home/azaria007/Documents/GitHub/VRX_NUMarine/install/share/wamv_description/models/engine/mesh
[1.167s] -- Up-to-date: /home/azaria007/Documents/GitHub/VRX_NUMarine/install/share/wamv_description/models/engine/mesh/engine.dae
[1.167s] -- Up-to-date: /home/azaria007/Documents/GitHub/VRX_NUMarine/install/share/wamv_description/models/engine/model.config
[1.168s] -- Up-to-date: /home/azaria007/Documents/GitHub/VRX_NUMarine/install/share/wamv_description/urdf
[1.168s] -- Up-to-date: /home/azaria007/Documents/GitHub/VRX_NUMarine/install/share/wamv_description/urdf/cpu_cases.xacro
[1.179s] -- Up-to-date: /home/azaria007/Documents/GitHub/VRX_NUMarine/install/share/wamv_description/urdf/thrusters
[1.180s] -- Up-to-date: /home/azaria007/Documents/GitHub/VRX_NUMarine/install/share/wamv_description/urdf/thrusters/engine.xacro
[1.180s] -- Up-to-date: /home/azaria007/Documents/GitHub/VRX_NUMarine/install/share/wamv_description/urdf/battery.xacro
[1.180s] -- Up-to-date: /home/azaria007/Documents/GitHub/VRX_NUMarine/install/share/wamv_description/urdf/wamv_base.urdf.xacro
[1.180s] -- Up-to-date: /home/azaria007/Documents/GitHub/VRX_NUMarine/install/share/ament_index/resource_index/package_run_dependencies/wamv_description
[1.180s] -- Up-to-date: /home/azaria007/Documents/GitHub/VRX_NUMarine/install/share/ament_index/resource_index/parent_prefix_path/wamv_description
[1.180s] -- Up-to-date: /home/azaria007/Documents/GitHub/VRX_NUMarine/install/share/wamv_description/environment/ament_prefix_path.sh
[1.184s] -- Up-to-date: /home/azaria007/Documents/GitHub/VRX_NUMarine/install/share/wamv_description/environment/ament_prefix_path.dsv
[1.185s] -- Up-to-date: /home/azaria007/Documents/GitHub/VRX_NUMarine/install/share/wamv_description/environment/path.sh
[1.185s] -- Up-to-date: /home/azaria007/Documents/GitHub/VRX_NUMarine/install/share/wamv_description/environment/path.dsv
[1.185s] -- Up-to-date: /home/azaria007/Documents/GitHub/VRX_NUMarine/install/share/wamv_description/local_setup.bash
[1.185s] -- Up-to-date: /home/azaria007/Documents/GitHub/VRX_NUMarine/install/share/wamv_description/local_setup.sh
[1.186s] -- Up-to-date: /home/azaria007/Documents/GitHub/VRX_NUMarine/install/share/wamv_description/local_setup.zsh
[1.186s] -- Up-to-date: /home/azaria007/Documents/GitHub/VRX_NUMarine/install/share/wamv_description/local_setup.dsv
[1.186s] -- Installing: /home/azaria007/Documents/GitHub/VRX_NUMarine/install/share/wamv_description/package.dsv
[1.186s] -- Up-to-date: /home/azaria007/Documents/GitHub/VRX_NUMarine/install/share/ament_index/resource_index/packages/wamv_description
[1.186s] -- Up-to-date: /home/azaria007/Documents/GitHub/VRX_NUMarine/install/share/wamv_description/cmake/wamv_descriptionConfig.cmake
[1.187s] -- Up-to-date: /home/azaria007/Documents/GitHub/VRX_NUMarine/install/share/wamv_description/cmake/wamv_descriptionConfig-version.cmake
[1.187s] -- Up-to-date: /home/azaria007/Documents/GitHub/VRX_NUMarine/install/share/wamv_description/package.xml
[1.247s] Invoked command in '/home/azaria007/Documents/GitHub/VRX_NUMarine/build/wamv_description' returned '0': CMAKE_PREFIX_PATH=${CMAKE_PREFIX_PATH}:/opt/ros/humble GZ_SIM_RESOURCE_PATH=/home/azaria007/Documents/GitHub/VRX_NUMarine/install/share:${GZ_SIM_RESOURCE_PATH} PYTHONPATH=/home/azaria007/Documents/GitHub/VRX_NUMarine/install/lib/python3.10/site-packages:/home/azaria007/Documents/GitHub/VRX_NUMarine/install/local/lib/python3.10/dist-packages:/opt/ros/humble/lib/python3.10/site-packages:/opt/ros/humble/local/lib/python3.10/dist-packages /usr/bin/cmake --install /home/azaria007/Documents/GitHub/VRX_NUMarine/build/wamv_description
