[0.025s] Invoking command in '/home/azaria007/Documents/GitHub/VRX_NUMarine/build/wamv_description': CMAKE_PREFIX_PATH=${CMAKE_PREFIX_PATH}:/opt/ros/humble GZ_SIM_RESOURCE_PATH=/home/azaria007/Documents/GitHub/VRX_NUMarine/install/share:${GZ_SIM_RESOURCE_PATH} PYTHONPATH=/home/azaria007/Documents/GitHub/VRX_NUMarine/install/lib/python3.10/site-packages:/home/azaria007/Documents/GitHub/VRX_NUMarine/install/local/lib/python3.10/dist-packages:/opt/ros/humble/lib/python3.10/site-packages:/opt/ros/humble/local/lib/python3.10/dist-packages /usr/bin/cmake /home/azaria007/Documents/GitHub/VRX_NUMarine/src/vrx/ros_packages/vrx_urdf/wamv_description -DCMAKE_INSTALL_PREFIX=/home/azaria007/Documents/GitHub/VRX_NUMarine/install
[0.193s] -- The C compiler identification is GNU 11.4.0
[0.376s] -- The CXX compiler identification is GNU 11.4.0
[0.402s] -- Detecting C compiler ABI info
[0.631s] -- Detecting C compiler ABI info - done
[0.648s] -- Check for working C compiler: /usr/bin/cc - skipped
[0.652s] -- Detecting C compile features
[0.653s] -- Detecting C compile features - done
[0.665s] -- Detecting CXX compiler ABI info
[0.935s] -- Detecting CXX compiler ABI info - done
[0.950s] -- Check for working CXX compiler: /usr/bin/c++ - skipped
[0.957s] -- Detecting CXX compile features
[0.966s] -- Detecting CXX compile features - done
[0.966s] -- Found ament_cmake: 1.3.9 (/opt/ros/humble/share/ament_cmake/cmake)
[1.505s] -- Found Python3: /usr/bin/python3 (found version "3.10.12") found components: Interpreter 
[1.748s] -- Found xacro: 2.0.8 (/opt/ros/humble/share/xacro/cmake)
[1.752s] -- xacro: determining deps for: urdf/wamv_base.urdf.xacro ...
[2.264s] -- Configuring done
[2.273s] -- Generating done
[2.285s] -- Build files have been written to: /home/azaria007/Documents/GitHub/VRX_NUMarine/build/wamv_description
[2.300s] Invoked command in '/home/azaria007/Documents/GitHub/VRX_NUMarine/build/wamv_description' returned '0': CMAKE_PREFIX_PATH=${CMAKE_PREFIX_PATH}:/opt/ros/humble GZ_SIM_RESOURCE_PATH=/home/azaria007/Documents/GitHub/VRX_NUMarine/install/share:${GZ_SIM_RESOURCE_PATH} PYTHONPATH=/home/azaria007/Documents/GitHub/VRX_NUMarine/install/lib/python3.10/site-packages:/home/azaria007/Documents/GitHub/VRX_NUMarine/install/local/lib/python3.10/dist-packages:/opt/ros/humble/lib/python3.10/site-packages:/opt/ros/humble/local/lib/python3.10/dist-packages /usr/bin/cmake /home/azaria007/Documents/GitHub/VRX_NUMarine/src/vrx/ros_packages/vrx_urdf/wamv_description -DCMAKE_INSTALL_PREFIX=/home/azaria007/Documents/GitHub/VRX_NUMarine/install
[2.301s] Invoking command in '/home/azaria007/Documents/GitHub/VRX_NUMarine/build/wamv_description': CMAKE_PREFIX_PATH=${CMAKE_PREFIX_PATH}:/opt/ros/humble GZ_SIM_RESOURCE_PATH=/home/azaria007/Documents/GitHub/VRX_NUMarine/install/share:${GZ_SIM_RESOURCE_PATH} PYTHONPATH=/home/azaria007/Documents/GitHub/VRX_NUMarine/install/lib/python3.10/site-packages:/home/azaria007/Documents/GitHub/VRX_NUMarine/install/local/lib/python3.10/dist-packages:/opt/ros/humble/lib/python3.10/site-packages:/opt/ros/humble/local/lib/python3.10/dist-packages /usr/bin/cmake --build /home/azaria007/Documents/GitHub/VRX_NUMarine/build/wamv_description -- -j8 -l8
[2.423s] [100%] [34m[1mxacro: generating urdf/wamv_base.urdf from urdf/wamv_base.urdf.xacro[0m
[2.861s] [100%] Built target wamv_description__xacro_auto_generate
[2.917s] Invoked command in '/home/azaria007/Documents/GitHub/VRX_NUMarine/build/wamv_description' returned '0': CMAKE_PREFIX_PATH=${CMAKE_PREFIX_PATH}:/opt/ros/humble GZ_SIM_RESOURCE_PATH=/home/azaria007/Documents/GitHub/VRX_NUMarine/install/share:${GZ_SIM_RESOURCE_PATH} PYTHONPATH=/home/azaria007/Documents/GitHub/VRX_NUMarine/install/lib/python3.10/site-packages:/home/azaria007/Documents/GitHub/VRX_NUMarine/install/local/lib/python3.10/dist-packages:/opt/ros/humble/lib/python3.10/site-packages:/opt/ros/humble/local/lib/python3.10/dist-packages /usr/bin/cmake --build /home/azaria007/Documents/GitHub/VRX_NUMarine/build/wamv_description -- -j8 -l8
[3.065s] Invoking command in '/home/azaria007/Documents/GitHub/VRX_NUMarine/build/wamv_description': CMAKE_PREFIX_PATH=${CMAKE_PREFIX_PATH}:/opt/ros/humble GZ_SIM_RESOURCE_PATH=/home/azaria007/Documents/GitHub/VRX_NUMarine/install/share:${GZ_SIM_RESOURCE_PATH} PYTHONPATH=/home/azaria007/Documents/GitHub/VRX_NUMarine/install/lib/python3.10/site-packages:/home/azaria007/Documents/GitHub/VRX_NUMarine/install/local/lib/python3.10/dist-packages:/opt/ros/humble/lib/python3.10/site-packages:/opt/ros/humble/local/lib/python3.10/dist-packages /usr/bin/cmake --install /home/azaria007/Documents/GitHub/VRX_NUMarine/build/wamv_description
[3.084s] -- Install configuration: ""
[3.089s] -- Installing: /home/azaria007/Documents/GitHub/VRX_NUMarine/install/share/wamv_description/environment/resource_paths.dsv
[3.094s] -- Installing: /home/azaria007/Documents/GitHub/VRX_NUMarine/install/share/wamv_description/environment/resource_paths.sh
[3.096s] -- Installing: /home/azaria007/Documents/GitHub/VRX_NUMarine/install/share/wamv_description/urdf/wamv_base.urdf
[3.098s] -- Installing: /home/azaria007/Documents/GitHub/VRX_NUMarine/install/share/wamv_description/models
[3.099s] -- Installing: /home/azaria007/Documents/GitHub/VRX_NUMarine/install/share/wamv_description/models/propeller
[3.100s] -- Installing: /home/azaria007/Documents/GitHub/VRX_NUMarine/install/share/wamv_description/models/propeller/mesh
[3.102s] -- Installing: /home/azaria007/Documents/GitHub/VRX_NUMarine/install/share/wamv_description/models/propeller/mesh/propeller.dae
[3.113s] -- Installing: /home/azaria007/Documents/GitHub/VRX_NUMarine/install/share/wamv_description/models/propeller/model.config
[3.119s] -- Installing: /home/azaria007/Documents/GitHub/VRX_NUMarine/install/share/wamv_description/models/WAM-V-Base
[3.119s] -- Installing: /home/azaria007/Documents/GitHub/VRX_NUMarine/install/share/wamv_description/models/WAM-V-Base/mesh
[3.122s] -- Installing: /home/azaria007/Documents/GitHub/VRX_NUMarine/install/share/wamv_description/models/WAM-V-Base/mesh/WAM-V_Metalness.png
[3.125s] -- Installing: /home/azaria007/Documents/GitHub/VRX_NUMarine/install/share/wamv_description/models/WAM-V-Base/mesh/WAM-V_Albedo.png
[3.183s] -- Installing: /home/azaria007/Documents/GitHub/VRX_NUMarine/install/share/wamv_description/models/WAM-V-Base/mesh/WAM-V_Normal.png
[3.219s] -- Installing: /home/azaria007/Documents/GitHub/VRX_NUMarine/install/share/wamv_description/models/WAM-V-Base/mesh/WAM-V-Base.dae
[3.225s] -- Installing: /home/azaria007/Documents/GitHub/VRX_NUMarine/install/share/wamv_description/models/WAM-V-Base/mesh/WAM-V_Roughness.png
[3.236s] -- Installing: /home/azaria007/Documents/GitHub/VRX_NUMarine/install/share/wamv_description/models/WAM-V-Base/mesh/WamV.png
[3.245s] -- Installing: /home/azaria007/Documents/GitHub/VRX_NUMarine/install/share/wamv_description/models/WAM-V-Base/model.config
[3.247s] -- Installing: /home/azaria007/Documents/GitHub/VRX_NUMarine/install/share/wamv_description/models/engine
[3.248s] -- Installing: /home/azaria007/Documents/GitHub/VRX_NUMarine/install/share/wamv_description/models/engine/mesh
[3.249s] -- Installing: /home/azaria007/Documents/GitHub/VRX_NUMarine/install/share/wamv_description/models/engine/mesh/engine.dae
[3.252s] -- Installing: /home/azaria007/Documents/GitHub/VRX_NUMarine/install/share/wamv_description/models/engine/model.config
[3.254s] -- Up-to-date: /home/azaria007/Documents/GitHub/VRX_NUMarine/install/share/wamv_description/urdf
[3.255s] -- Installing: /home/azaria007/Documents/GitHub/VRX_NUMarine/install/share/wamv_description/urdf/cpu_cases.xacro
[3.258s] -- Installing: /home/azaria007/Documents/GitHub/VRX_NUMarine/install/share/wamv_description/urdf/thrusters
[3.259s] -- Installing: /home/azaria007/Documents/GitHub/VRX_NUMarine/install/share/wamv_description/urdf/thrusters/engine.xacro
[3.261s] -- Installing: /home/azaria007/Documents/GitHub/VRX_NUMarine/install/share/wamv_description/urdf/battery.xacro
[3.263s] -- Installing: /home/azaria007/Documents/GitHub/VRX_NUMarine/install/share/wamv_description/urdf/wamv_base.urdf.xacro
[3.265s] -- Installing: /home/azaria007/Documents/GitHub/VRX_NUMarine/install/share/ament_index/resource_index/package_run_dependencies/wamv_description
[3.265s] -- Installing: /home/azaria007/Documents/GitHub/VRX_NUMarine/install/share/ament_index/resource_index/parent_prefix_path/wamv_description
[3.267s] -- Installing: /home/azaria007/Documents/GitHub/VRX_NUMarine/install/share/wamv_description/environment/ament_prefix_path.sh
[3.276s] -- Installing: /home/azaria007/Documents/GitHub/VRX_NUMarine/install/share/wamv_description/environment/ament_prefix_path.dsv
[3.276s] -- Installing: /home/azaria007/Documents/GitHub/VRX_NUMarine/install/share/wamv_description/environment/path.sh
[3.276s] -- Installing: /home/azaria007/Documents/GitHub/VRX_NUMarine/install/share/wamv_description/environment/path.dsv
[3.276s] -- Installing: /home/azaria007/Documents/GitHub/VRX_NUMarine/install/share/wamv_description/local_setup.bash
[3.276s] -- Installing: /home/azaria007/Documents/GitHub/VRX_NUMarine/install/share/wamv_description/local_setup.sh
[3.276s] -- Installing: /home/azaria007/Documents/GitHub/VRX_NUMarine/install/share/wamv_description/local_setup.zsh
[3.277s] -- Installing: /home/azaria007/Documents/GitHub/VRX_NUMarine/install/share/wamv_description/local_setup.dsv
[3.277s] -- Installing: /home/azaria007/Documents/GitHub/VRX_NUMarine/install/share/wamv_description/package.dsv
[3.277s] -- Installing: /home/azaria007/Documents/GitHub/VRX_NUMarine/install/share/ament_index/resource_index/packages/wamv_description
[3.277s] -- Installing: /home/azaria007/Documents/GitHub/VRX_NUMarine/install/share/wamv_description/cmake/wamv_descriptionConfig.cmake
[3.277s] -- Installing: /home/azaria007/Documents/GitHub/VRX_NUMarine/install/share/wamv_description/cmake/wamv_descriptionConfig-version.cmake
[3.277s] -- Installing: /home/azaria007/Documents/GitHub/VRX_NUMarine/install/share/wamv_description/package.xml
[3.297s] Invoked command in '/home/azaria007/Documents/GitHub/VRX_NUMarine/build/wamv_description' returned '0': CMAKE_PREFIX_PATH=${CMAKE_PREFIX_PATH}:/opt/ros/humble GZ_SIM_RESOURCE_PATH=/home/azaria007/Documents/GitHub/VRX_NUMarine/install/share:${GZ_SIM_RESOURCE_PATH} PYTHONPATH=/home/azaria007/Documents/GitHub/VRX_NUMarine/install/lib/python3.10/site-packages:/home/azaria007/Documents/GitHub/VRX_NUMarine/install/local/lib/python3.10/dist-packages:/opt/ros/humble/lib/python3.10/site-packages:/opt/ros/humble/local/lib/python3.10/dist-packages /usr/bin/cmake --install /home/azaria007/Documents/GitHub/VRX_NUMarine/build/wamv_description
