[0.932s] Invoking command in '/home/azaria007/Documents/GitHub/VRX_NUMarine/src/vrx/ros_packages/mpc_controller_pkg': PYTHONPATH=/home/azaria007/Documents/GitHub/VRX_NUMarine/build/mpc_controller_pkg/prefix_override:/usr/lib/python3/dist-packages/colcon_core/task/python/colcon_distutils_commands:/home/azaria007/Documents/GitHub/VRX_NUMarine/install/lib/python3.10/site-packages:${PYTHONPATH} /usr/bin/python3 -W ignore:setup.py install is deprecated setup.py egg_info --egg-base ../../../../build/mpc_controller_pkg build --build-base /home/azaria007/Documents/GitHub/VRX_NUMarine/build/mpc_controller_pkg/build install --record /home/azaria007/Documents/GitHub/VRX_NUMarine/build/mpc_controller_pkg/install.log --single-version-externally-managed install_data
[1.271s] running egg_info
[1.272s] writing ../../../../build/mpc_controller_pkg/mpc_controller_pkg.egg-info/PKG-INFO
[1.272s] writing dependency_links to ../../../../build/mpc_controller_pkg/mpc_controller_pkg.egg-info/dependency_links.txt
[1.272s] writing entry points to ../../../../build/mpc_controller_pkg/mpc_controller_pkg.egg-info/entry_points.txt
[1.273s] writing requirements to ../../../../build/mpc_controller_pkg/mpc_controller_pkg.egg-info/requires.txt
[1.273s] writing top-level names to ../../../../build/mpc_controller_pkg/mpc_controller_pkg.egg-info/top_level.txt
[1.275s] reading manifest file '../../../../build/mpc_controller_pkg/mpc_controller_pkg.egg-info/SOURCES.txt'
[1.276s] writing manifest file '../../../../build/mpc_controller_pkg/mpc_controller_pkg.egg-info/SOURCES.txt'
[1.276s] running build
[1.277s] running build_py
[1.277s] running install
[1.277s] running install_lib
[1.278s] byte-compiling /home/azaria007/Documents/GitHub/VRX_NUMarine/install/lib/python3.10/site-packages/mpc_controller_pkg/mpc_node.py to mpc_node.cpython-310.pyc
[1.279s]   File "/home/azaria007/Documents/GitHub/VRX_NUMarine/install/lib/python3.10/site-packages/mpc_controller_pkg/mpc_node.py", line 860
[1.279s]     if self.currentwaypoint >= self.waypoints.shape[1]]:
[1.280s]                                                       ^
[1.280s] SyntaxError: unmatched ']'
[1.280s] 
[1.280s] running install_data
[1.280s] running install_egg_info
[1.282s] removing '/home/azaria007/Documents/GitHub/VRX_NUMarine/install/lib/python3.10/site-packages/mpc_controller_pkg-0.0.0-py3.10.egg-info' (and everything under it)
[1.282s] Copying ../../../../build/mpc_controller_pkg/mpc_controller_pkg.egg-info to /home/azaria007/Documents/GitHub/VRX_NUMarine/install/lib/python3.10/site-packages/mpc_controller_pkg-0.0.0-py3.10.egg-info
[1.283s] running install_scripts
[1.311s] Installing mpc_node script to /home/azaria007/Documents/GitHub/VRX_NUMarine/install/lib/mpc_controller_pkg
[1.311s] writing list of installed files to '/home/azaria007/Documents/GitHub/VRX_NUMarine/build/mpc_controller_pkg/install.log'
[1.350s] Invoked command in '/home/azaria007/Documents/GitHub/VRX_NUMarine/src/vrx/ros_packages/mpc_controller_pkg' returned '0': PYTHONPATH=/home/azaria007/Documents/GitHub/VRX_NUMarine/build/mpc_controller_pkg/prefix_override:/usr/lib/python3/dist-packages/colcon_core/task/python/colcon_distutils_commands:/home/azaria007/Documents/GitHub/VRX_NUMarine/install/lib/python3.10/site-packages:${PYTHONPATH} /usr/bin/python3 -W ignore:setup.py install is deprecated setup.py egg_info --egg-base ../../../../build/mpc_controller_pkg build --build-base /home/azaria007/Documents/GitHub/VRX_NUMarine/build/mpc_controller_pkg/build install --record /home/azaria007/Documents/GitHub/VRX_NUMarine/build/mpc_controller_pkg/install.log --single-version-externally-managed install_data
